[ 2016-09-23T10:18:25+08:00 ] 0.0.0.0 /laundry/index.php/Index/Home/index.html
ERR: Too many connections

[ 2016-09-23T10:18:26+08:00 ] 0.0.0.0 /laundry/index.php/Index/Home/index.html
ERR: Too many connections

[ 2016-09-23T10:18:41+08:00 ] 0.0.0.0 /laundry/index.php/Index/Home/index.html
ERR: Too many connections

[ 2016-09-23T10:18:42+08:00 ] 0.0.0.0 /laundry/index.php/Index/Home/index.html
ERR: Too many connections

[ 2016-09-23T10:18:47+08:00 ] 0.0.0.0 /laundry/index.php/Index/Home/index.html
ERR: Too many connections

[ 2016-09-23T10:19:23+08:00 ] 0.0.0.0 /laundry/index.php/Login/check.html
ERR: Too many connections

[ 2016-09-23T10:19:43+08:00 ] 0.0.0.0 /laundry/index.php/Login/check.html
ERR: Too many connections

[ 2016-09-23T10:19:44+08:00 ] 0.0.0.0 /laundry/index.php/Login/check.html
ERR: Too many connections

[ 2016-09-23T10:19:44+08:00 ] 0.0.0.0 /laundry/index.php/Login/check.html
ERR: Too many connections

[ 2016-09-23T10:19:48+08:00 ] 0.0.0.0 /laundry/index.php/Login/check.html
ERR: Too many connections

[ 2016-09-23T10:19:57+08:00 ] 0.0.0.0 /laundry/index.php/Login/check.html
ERR: Too many connections

[ 2016-09-23T10:19:58+08:00 ] 0.0.0.0 /laundry/index.php/Login/check.html
ERR: Too many connections

[ 2016-09-23T10:19:58+08:00 ] 0.0.0.0 /laundry/index.php/Login/check.html
ERR: Too many connections

[ 2016-09-23T10:19:58+08:00 ] 0.0.0.0 /laundry/index.php/Login/check.html
ERR: Too many connections

[ 2016-09-23T10:20:56+08:00 ] 0.0.0.0 /laundry/index.php/Login/check.html
ERR: Too many connections

[ 2016-09-23T10:21:08+08:00 ] 0.0.0.0 /laundry/index.php/Login/check.html
ERR: Too many connections

[ 2016-09-23T10:21:08+08:00 ] 0.0.0.0 /laundry/index.php/Login/check.html
ERR: Too many connections

[ 2016-09-23T10:21:08+08:00 ] 0.0.0.0 /laundry/index.php/Login/check.html
ERR: Too many connections

[ 2016-09-23T10:21:09+08:00 ] 0.0.0.0 /laundry/index.php/Login/check.html
ERR: Too many connections

[ 2016-09-23T10:21:09+08:00 ] 0.0.0.0 /laundry/index.php/Login/check.html
ERR: Too many connections

[ 2016-09-23T10:21:09+08:00 ] 0.0.0.0 /laundry/index.php/Login/check.html
ERR: Too many connections

[ 2016-09-23T10:22:33+08:00 ] 0.0.0.0 /laundry/index.php/Login/check.html
ERR: Too many connections

[ 2016-09-23T11:34:47+08:00 ] 0.0.0.0 /laundry/index.php/Home/integralChange.html
INFO: [ app_begin ] --START--
INFO: ReadHtmlCache Behavior ::run [ RunTime:0.001000s ]
INFO: [ app_begin ] --END-- [ RunTime:0.002000s ]

[ 2016-09-23T11:34:51+08:00 ] 0.0.0.0 /laundry/index.php/Home/integralChange.html
INFO: [ app_begin ] --START--
INFO: ReadHtmlCache Behavior ::run [ RunTime:0.001000s ]
INFO: [ app_begin ] --END-- [ RunTime:0.001000s ]

[ 2016-09-23T11:34:54+08:00 ] 0.0.0.0 /laundry/index.php/Home/integralChange.html
INFO: [ app_begin ] --START--
INFO: ReadHtmlCache Behavior ::run [ RunTime:0.001000s ]
INFO: [ app_begin ] --END-- [ RunTime:0.001000s ]

[ 2016-09-23T11:34:58+08:00 ] 0.0.0.0 /laundry/index.php/Home/integralChange.html
INFO: [ app_begin ] --START--
INFO: ReadHtmlCache Behavior ::run [ RunTime:0.001000s ]
INFO: [ app_begin ] --END-- [ RunTime:0.001000s ]

[ 2016-09-23T11:35:04+08:00 ] 0.0.0.0 /laundry/index.php/Home/integralChange.html
INFO: [ app_begin ] --START--
INFO: ReadHtmlCache Behavior ::run [ RunTime:0.001000s ]
INFO: [ app_begin ] --END-- [ RunTime:0.001000s ]

[ 2016-09-23T11:35:12+08:00 ] 0.0.0.0 /laundry/index.php/Home/integralChange.html
INFO: [ app_begin ] --START--
INFO: ReadHtmlCache Behavior ::run [ RunTime:0.001000s ]
INFO: [ app_begin ] --END-- [ RunTime:0.001000s ]

[ 2016-09-23T11:35:17+08:00 ] 0.0.0.0 /laundry/index.php/Home/integralChange.html
INFO: [ app_begin ] --START--
INFO: ReadHtmlCache Behavior ::run [ RunTime:0.001000s ]
INFO: [ app_begin ] --END-- [ RunTime:0.001000s ]

[ 2016-09-23T11:35:21+08:00 ] 0.0.0.0 /laundry/index.php/Home/integralChange.html
INFO: [ app_begin ] --START--
INFO: ReadHtmlCache Behavior ::run [ RunTime:0.001000s ]
INFO: [ app_begin ] --END-- [ RunTime:0.001000s ]

[ 2016-09-23T11:37:26+08:00 ] 0.0.0.0 /laundry/index.php/Home/integralChange.html
INFO: [ app_begin ] --START--
INFO: ReadHtmlCache Behavior ::run [ RunTime:0.001000s ]
INFO: [ app_begin ] --END-- [ RunTime:0.001000s ]

[ 2016-09-23T11:37:30+08:00 ] 0.0.0.0 /laundry/index.php/Home/integralChange.html
INFO: [ app_begin ] --START--
INFO: ReadHtmlCache Behavior ::run [ RunTime:0.000000s ]
INFO: [ app_begin ] --END-- [ RunTime:0.000000s ]

[ 2016-09-23T11:41:28+08:00 ] 0.0.0.0 /laundry/index.php/Home/integralChange.html
INFO: [ app_begin ] --START--
INFO: ReadHtmlCache Behavior ::run [ RunTime:0.001000s ]
INFO: [ app_begin ] --END-- [ RunTime:0.001000s ]

[ 2016-09-23T11:42:44+08:00 ] 0.0.0.0 /laundry/index.php/Home/integralChange.html
INFO: [ app_begin ] --START--
INFO: ReadHtmlCache Behavior ::run [ RunTime:0.000000s ]
INFO: [ app_begin ] --END-- [ RunTime:0.000000s ]

[ 2016-09-23T11:42:51+08:00 ] 0.0.0.0 /laundry/index.php/Home/integralChange.html
INFO: [ app_begin ] --START--
INFO: ReadHtmlCache Behavior ::run [ RunTime:0.000000s ]
INFO: [ app_begin ] --END-- [ RunTime:0.000000s ]

[ 2016-09-23T11:42:58+08:00 ] 0.0.0.0 /laundry/index.php/Home/integralChange.html
INFO: [ app_begin ] --START--
INFO: ReadHtmlCache Behavior ::run [ RunTime:0.001000s ]
INFO: [ app_begin ] --END-- [ RunTime:0.001000s ]

[ 2016-09-23T11:43:02+08:00 ] 0.0.0.0 /laundry/index.php/Home/integralChange.html
INFO: [ app_begin ] --START--
INFO: ReadHtmlCache Behavior ::run [ RunTime:0.000000s ]
INFO: [ app_begin ] --END-- [ RunTime:0.000000s ]

[ 2016-09-23T11:43:05+08:00 ] 0.0.0.0 /laundry/index.php/Home/integralChange.html
INFO: [ app_begin ] --START--
INFO: ReadHtmlCache Behavior ::run [ RunTime:0.000000s ]
INFO: [ app_begin ] --END-- [ RunTime:0.000000s ]

[ 2016-09-23T11:44:55+08:00 ] 0.0.0.0 /laundry/index.php/Home/integralChange.html
INFO: [ app_begin ] --START--
INFO: ReadHtmlCache Behavior ::run [ RunTime:0.001000s ]
INFO: [ app_begin ] --END-- [ RunTime:0.001000s ]

[ 2016-09-23T11:44:58+08:00 ] 0.0.0.0 /laundry/index.php/Home/integralChange.html
INFO: [ app_begin ] --START--
INFO: ReadHtmlCache Behavior ::run [ RunTime:0.001000s ]
INFO: [ app_begin ] --END-- [ RunTime:0.001000s ]

[ 2016-09-23T11:45:01+08:00 ] 0.0.0.0 /laundry/index.php/Home/integralChange.html
INFO: [ app_begin ] --START--
INFO: ReadHtmlCache Behavior ::run [ RunTime:0.001000s ]
INFO: [ app_begin ] --END-- [ RunTime:0.001000s ]

[ 2016-09-23T11:45:04+08:00 ] 0.0.0.0 /laundry/index.php/Home/integralChange.html
INFO: [ app_begin ] --START--
INFO: ReadHtmlCache Behavior ::run [ RunTime:0.001000s ]
INFO: [ app_begin ] --END-- [ RunTime:0.001000s ]

[ 2016-09-23T11:45:06+08:00 ] 0.0.0.0 /laundry/index.php/Home/integralChange.html
INFO: [ app_begin ] --START--
INFO: ReadHtmlCache Behavior ::run [ RunTime:0.001000s ]
INFO: [ app_begin ] --END-- [ RunTime:0.001000s ]

[ 2016-09-23T11:45:09+08:00 ] 0.0.0.0 /laundry/index.php/Home/integralChange.html
INFO: [ app_begin ] --START--
INFO: ReadHtmlCache Behavior ::run [ RunTime:0.001000s ]
INFO: [ app_begin ] --END-- [ RunTime:0.001000s ]

[ 2016-09-23T11:45:13+08:00 ] 0.0.0.0 /laundry/index.php/Home/integralChange.html
INFO: [ app_begin ] --START--
INFO: ReadHtmlCache Behavior ::run [ RunTime:0.001000s ]
INFO: [ app_begin ] --END-- [ RunTime:0.001000s ]

[ 2016-09-23T12:38:36+08:00 ] 0.0.0.0 /laundry/index.php/Home/integralChange.html
INFO: [ app_begin ] --START--
INFO: ReadHtmlCache Behavior ::run [ RunTime:0.000000s ]
INFO: [ app_begin ] --END-- [ RunTime:0.000000s ]

[ 2016-09-23T12:38:48+08:00 ] 0.0.0.0 /laundry/index.php/Home/integralChange.html
INFO: [ app_begin ] --START--
INFO: ReadHtmlCache Behavior ::run [ RunTime:0.001000s ]
INFO: [ app_begin ] --END-- [ RunTime:0.001000s ]

[ 2016-09-23T12:39:05+08:00 ] 0.0.0.0 /laundry/index.php/Home/integralChange.html
INFO: [ app_begin ] --START--
INFO: ReadHtmlCache Behavior ::run [ RunTime:0.001000s ]
INFO: [ app_begin ] --END-- [ RunTime:0.001000s ]

[ 2016-09-23T12:39:08+08:00 ] 0.0.0.0 /laundry/index.php/Home/integralChange.html
INFO: [ app_begin ] --START--
INFO: ReadHtmlCache Behavior ::run [ RunTime:0.001000s ]
INFO: [ app_begin ] --END-- [ RunTime:0.001000s ]

[ 2016-09-23T12:39:27+08:00 ] 0.0.0.0 /laundry/index.php/Home/integralChange.html
INFO: [ app_begin ] --START--
INFO: ReadHtmlCache Behavior ::run [ RunTime:0.001000s ]
INFO: [ app_begin ] --END-- [ RunTime:0.001000s ]

[ 2016-09-23T12:42:09+08:00 ] 0.0.0.0 /laundry/index.php/Home/integralChange.html
INFO: [ app_begin ] --START--
INFO: ReadHtmlCache Behavior ::run [ RunTime:0.001000s ]
INFO: [ app_begin ] --END-- [ RunTime:0.001000s ]
SQL: SHOW COLUMNS FROM `coupon` [ RunTime:0.031002s ]
SQL: SELECT * FROM `coupon` WHERE ( `couponId` = 5 )  [ RunTime:0.031002s ]

[ 2016-09-23T12:46:50+08:00 ] 0.0.0.0 /laundry/index.php/Home/integralChange.html
INFO: [ app_begin ] --START--
INFO: ReadHtmlCache Behavior ::run [ RunTime:0.000000s ]
INFO: [ app_begin ] --END-- [ RunTime:0.000000s ]
SQL: SHOW COLUMNS FROM `coupon` [ RunTime:0.033002s ]
SQL: SELECT * FROM `coupon` WHERE ( `couponId` = 4 )  [ RunTime:0.033002s ]

[ 2016-09-23T12:58:37+08:00 ] 0.0.0.0 /laundry/index.php/Home/integralChange.html
INFO: [ app_begin ] --START--
INFO: ReadHtmlCache Behavior ::run [ RunTime:0.000000s ]
INFO: [ app_begin ] --END-- [ RunTime:0.000000s ]
SQL: SHOW COLUMNS FROM `coupon` [ RunTime:0.031002s ]
SQL: SELECT * FROM `coupon` WHERE ( `couponId` = 5 )  [ RunTime:0.031001s ]
SQL: SHOW COLUMNS FROM `user` [ RunTime:0.031002s ]
SQL: SELECT * FROM `user` WHERE ( `userPhone` = '456' )  [ RunTime:0.031002s ]

[ 2016-09-23T13:00:28+08:00 ] 0.0.0.0 /laundry/index.php/Home/integralChange.html
INFO: [ app_begin ] --START--
INFO: ReadHtmlCache Behavior ::run [ RunTime:0.001001s ]
INFO: [ app_begin ] --END-- [ RunTime:0.001001s ]
SQL: SHOW COLUMNS FROM `coupon` [ RunTime:0.034002s ]
SQL: SELECT * FROM `coupon` WHERE ( `couponId` = 4 )  [ RunTime:0.033002s ]
SQL: SHOW COLUMNS FROM `user` [ RunTime:0.033002s ]
SQL: SELECT * FROM `user` WHERE ( `userPhone` = '456' )  [ RunTime:0.033002s ]

[ 2016-09-23T13:03:38+08:00 ] 0.0.0.0 /laundry/index.php/Home/integralChange.html
INFO: [ app_begin ] --START--
INFO: ReadHtmlCache Behavior ::run [ RunTime:0.000000s ]
INFO: [ app_begin ] --END-- [ RunTime:0.000000s ]
SQL: SHOW COLUMNS FROM `coupon` [ RunTime:0.031002s ]
SQL: SELECT * FROM `coupon` WHERE ( `couponId` = 5 )  [ RunTime:0.030002s ]
SQL: SHOW COLUMNS FROM `user` [ RunTime:0.031002s ]
SQL: SELECT * FROM `user` WHERE ( `userPhone` = '456' )  [ RunTime:0.030001s ]

[ 2016-09-23T13:04:26+08:00 ] 0.0.0.0 /laundry/index.php/Home/integralChange.html
INFO: [ app_begin ] --START--
INFO: ReadHtmlCache Behavior ::run [ RunTime:0.001000s ]
INFO: [ app_begin ] --END-- [ RunTime:0.001000s ]
SQL: SHOW COLUMNS FROM `coupon` [ RunTime:0.032002s ]
SQL: SELECT * FROM `coupon` WHERE ( `couponId` = 5 )  [ RunTime:0.031001s ]
SQL: SHOW COLUMNS FROM `user` [ RunTime:0.032002s ]
SQL: SELECT * FROM `user` WHERE ( `userPhone` = '456' )  [ RunTime:0.032002s ]

[ 2016-09-23T13:06:38+08:00 ] 0.0.0.0 /laundry/index.php/Home/integralChange.html
INFO: [ app_begin ] --START--
INFO: ReadHtmlCache Behavior ::run [ RunTime:0.000000s ]
INFO: [ app_begin ] --END-- [ RunTime:0.000000s ]
SQL: SHOW COLUMNS FROM `coupon` [ RunTime:0.033002s ]
SQL: SELECT * FROM `coupon` WHERE ( `couponId` = 6 )  [ RunTime:0.033002s ]
SQL: SHOW COLUMNS FROM `user` [ RunTime:0.032002s ]
SQL: SELECT * FROM `user` WHERE ( `userPhone` = '456' )  [ RunTime:0.032002s ]

[ 2016-09-23T13:08:40+08:00 ] 0.0.0.0 /laundry/index.php/Home/integralChange.html
INFO: [ app_begin ] --START--
INFO: ReadHtmlCache Behavior ::run [ RunTime:0.001000s ]
INFO: [ app_begin ] --END-- [ RunTime:0.001000s ]
SQL: SHOW COLUMNS FROM `coupon` [ RunTime:0.031002s ]
SQL: SELECT * FROM `coupon` WHERE ( `couponId` = 3 )  [ RunTime:0.031002s ]
SQL: SHOW COLUMNS FROM `user` [ RunTime:0.031002s ]
SQL: SELECT * FROM `user` WHERE ( `userPhone` = '456' )  [ RunTime:0.030001s ]

[ 2016-09-23T13:09:58+08:00 ] 0.0.0.0 /laundry/index.php/Home/integralChange.html
INFO: [ app_begin ] --START--
INFO: ReadHtmlCache Behavior ::run [ RunTime:0.001000s ]
INFO: [ app_begin ] --END-- [ RunTime:0.001000s ]
SQL: SHOW COLUMNS FROM `coupon` [ RunTime:0.031002s ]
SQL: SELECT * FROM `coupon` WHERE ( `couponId` = 5 )  [ RunTime:0.031002s ]
SQL: SHOW COLUMNS FROM `user` [ RunTime:0.032002s ]
SQL: SELECT * FROM `user` WHERE ( `userPhone` = '456' )  [ RunTime:0.031001s ]

[ 2016-09-23T13:11:05+08:00 ] 0.0.0.0 /laundry/index.php/Home/integralChange.html
INFO: [ app_begin ] --START--
INFO: ReadHtmlCache Behavior ::run [ RunTime:0.001000s ]
INFO: [ app_begin ] --END-- [ RunTime:0.001000s ]
SQL: SHOW COLUMNS FROM `coupon` [ RunTime:0.033001s ]
SQL: SELECT * FROM `coupon` WHERE ( `couponId` = 5 )  [ RunTime:0.032002s ]
SQL: SHOW COLUMNS FROM `user` [ RunTime:0.032002s ]
SQL: SELECT * FROM `user` WHERE ( `userPhone` = '456' )  [ RunTime:0.032002s ]

[ 2016-09-23T13:11:51+08:00 ] 0.0.0.0 /laundry/index.php/Home/integralChange.html
INFO: [ app_begin ] --START--
INFO: ReadHtmlCache Behavior ::run [ RunTime:0.000000s ]
INFO: [ app_begin ] --END-- [ RunTime:0.000000s ]
SQL: SHOW COLUMNS FROM `coupon` [ RunTime:0.031001s ]
SQL: SELECT * FROM `coupon` WHERE ( `couponId` = 5 )  [ RunTime:0.031002s ]
SQL: SHOW COLUMNS FROM `user` [ RunTime:0.031002s ]
SQL: SELECT * FROM `user` WHERE ( `userPhone` = '456' )  [ RunTime:0.031002s ]

[ 2016-09-23T13:13:58+08:00 ] 0.0.0.0 /laundry/index.php/Home/integralChange.html
INFO: [ app_begin ] --START--
INFO: ReadHtmlCache Behavior ::run [ RunTime:0.001001s ]
INFO: [ app_begin ] --END-- [ RunTime:0.001001s ]
SQL: SHOW COLUMNS FROM `coupon` [ RunTime:0.031002s ]
SQL: SELECT * FROM `coupon` WHERE ( `couponId` = 5 )  [ RunTime:0.032001s ]
SQL: SHOW COLUMNS FROM `user` [ RunTime:0.032002s ]
SQL: SELECT * FROM `user` WHERE ( `userPhone` = '456' )  [ RunTime:0.031002s ]
SQL: SHOW COLUMNS FROM `usercoupon` [ RunTime:0.032002s ]
SQL: INSERT INTO `usercoupon` (`usercouponUserId`,`usercouponCouponId`,`usercouponCreateTime`,`failureTime`,`couponFull`,`couponCut`) VALUES (4,5,'2016-09-23','2016-10-03',100,20) [ RunTime:0.033002s ]

[ 2016-09-23T13:21:02+08:00 ] 0.0.0.0 /laundry/index.php/Home/integralChange.html
INFO: [ app_begin ] --START--
INFO: ReadHtmlCache Behavior ::run [ RunTime:0.001000s ]
INFO: [ app_begin ] --END-- [ RunTime:0.001000s ]
SQL: SHOW COLUMNS FROM `coupon` [ RunTime:0.033002s ]
SQL: SELECT * FROM `coupon` WHERE ( `couponId` = 1 )  [ RunTime:0.032002s ]
SQL: SHOW COLUMNS FROM `user` [ RunTime:0.032001s ]
SQL: SELECT * FROM `user` WHERE ( `userPhone` = '456' )  [ RunTime:0.032002s ]
SQL: SHOW COLUMNS FROM `usercoupon` [ RunTime:0.033002s ]
SQL: INSERT INTO `usercoupon` (`usercouponUserId`,`usercouponCouponId`,`usercouponCreateTime`,`failureTime`,`couponFull`,`couponCut`) VALUES (4,1,'2016-09-23','2016-09-30',10,1) [ RunTime:0.040003s ]

[ 2016-09-23T13:21:21+08:00 ] 0.0.0.0 /laundry/index.php/Home/integralChange.html
INFO: [ app_begin ] --START--
INFO: ReadHtmlCache Behavior ::run [ RunTime:0.001000s ]
INFO: [ app_begin ] --END-- [ RunTime:0.001000s ]
SQL: SHOW COLUMNS FROM `coupon` [ RunTime:0.031002s ]
SQL: SELECT * FROM `coupon` WHERE ( `couponId` = 1 )  [ RunTime:0.031001s ]
SQL: SHOW COLUMNS FROM `user` [ RunTime:0.031002s ]
SQL: SELECT * FROM `user` WHERE ( `userPhone` = '456' )  [ RunTime:0.031002s ]
SQL: SHOW COLUMNS FROM `usercoupon` [ RunTime:0.031002s ]
SQL: INSERT INTO `usercoupon` (`usercouponUserId`,`usercouponCouponId`,`usercouponCreateTime`,`failureTime`,`couponFull`,`couponCut`) VALUES (4,1,'2016-09-23','2016-09-30',10,1) [ RunTime:0.041002s ]

[ 2016-09-23T13:21:26+08:00 ] 0.0.0.0 /laundry/index.php/Home/integralChange.html
INFO: [ app_begin ] --START--
INFO: ReadHtmlCache Behavior ::run [ RunTime:0.001001s ]
INFO: [ app_begin ] --END-- [ RunTime:0.001001s ]
SQL: SHOW COLUMNS FROM `coupon` [ RunTime:0.033002s ]
SQL: SELECT * FROM `coupon` WHERE ( `couponId` = 4 )  [ RunTime:0.033002s ]
SQL: SHOW COLUMNS FROM `user` [ RunTime:0.033002s ]
SQL: SELECT * FROM `user` WHERE ( `userPhone` = '456' )  [ RunTime:0.033002s ]
SQL: SHOW COLUMNS FROM `usercoupon` [ RunTime:0.034002s ]
SQL: INSERT INTO `usercoupon` (`usercouponUserId`,`usercouponCouponId`,`usercouponCreateTime`,`failureTime`,`couponFull`,`couponCut`) VALUES (4,4,'2016-09-23','2016-09-27',100,10) [ RunTime:0.033002s ]

[ 2016-09-23T13:21:41+08:00 ] 0.0.0.0 /laundry/index.php/Home/integralChange.html
INFO: [ app_begin ] --START--
INFO: ReadHtmlCache Behavior ::run [ RunTime:0.001000s ]
INFO: [ app_begin ] --END-- [ RunTime:0.001000s ]
SQL: SHOW COLUMNS FROM `coupon` [ RunTime:0.031002s ]
SQL: SELECT * FROM `coupon` WHERE ( `couponId` = 2 )  [ RunTime:0.030002s ]
SQL: SHOW COLUMNS FROM `user` [ RunTime:0.031001s ]
SQL: SELECT * FROM `user` WHERE ( `userPhone` = '456' )  [ RunTime:0.031002s ]
SQL: SHOW COLUMNS FROM `usercoupon` [ RunTime:0.031002s ]
SQL: INSERT INTO `usercoupon` (`usercouponUserId`,`usercouponCouponId`,`usercouponCreateTime`,`failureTime`,`couponFull`,`couponCut`) VALUES (4,2,'2016-09-23','2016-09-29',20,2) [ RunTime:0.038002s ]

[ 2016-09-23T13:23:40+08:00 ] 0.0.0.0 /laundry/index.php/Home/integralChange.html
INFO: [ app_begin ] --START--
INFO: ReadHtmlCache Behavior ::run [ RunTime:0.001000s ]
INFO: [ app_begin ] --END-- [ RunTime:0.001000s ]
SQL: SHOW COLUMNS FROM `coupon` [ RunTime:0.030001s ]
SQL: SELECT * FROM `coupon` WHERE ( `couponId` = 2 )  [ RunTime:0.030002s ]
SQL: SHOW COLUMNS FROM `user` [ RunTime:0.030002s ]
SQL: SELECT * FROM `user` WHERE ( `userPhone` = '456' )  [ RunTime:0.029002s ]
SQL: SHOW COLUMNS FROM `usercoupon` [ RunTime:0.030001s ]
SQL: INSERT INTO `usercoupon` (`usercouponUserId`,`usercouponCouponId`,`usercouponCreateTime`,`failureTime`,`couponFull`,`couponCut`) VALUES (4,2,'2016-09-23','2016-09-29',20,2) [ RunTime:0.031002s ]
SQL: UPDATE `user` SET `userIntegral`=3800 WHERE ( `userPhone` = '456' ) [ RunTime:0.030002s ]

[ 2016-09-23T13:24:04+08:00 ] 0.0.0.0 /laundry/index.php/Home/integralChange.html
INFO: [ app_begin ] --START--
INFO: ReadHtmlCache Behavior ::run [ RunTime:0.001000s ]
INFO: [ app_begin ] --END-- [ RunTime:0.001000s ]
SQL: SHOW COLUMNS FROM `coupon` [ RunTime:0.035002s ]
SQL: SELECT * FROM `coupon` WHERE ( `couponId` = 5 )  [ RunTime:0.034002s ]
SQL: SHOW COLUMNS FROM `user` [ RunTime:0.034002s ]
SQL: SELECT * FROM `user` WHERE ( `userPhone` = '456' )  [ RunTime:0.033002s ]
SQL: SHOW COLUMNS FROM `usercoupon` [ RunTime:0.034002s ]
SQL: INSERT INTO `usercoupon` (`usercouponUserId`,`usercouponCouponId`,`usercouponCreateTime`,`failureTime`,`couponFull`,`couponCut`) VALUES (4,5,'2016-09-23','2016-10-03',100,20) [ RunTime:0.034002s ]
SQL: UPDATE `user` SET `userIntegral`=3650 WHERE ( `userPhone` = '456' ) [ RunTime:0.034002s ]

[ 2016-09-23T13:27:22+08:00 ] 0.0.0.0 /laundry/index.php/Home/integralChange.html
INFO: [ app_begin ] --START--
INFO: ReadHtmlCache Behavior ::run [ RunTime:0.001000s ]
INFO: [ app_begin ] --END-- [ RunTime:0.001000s ]
SQL: SHOW COLUMNS FROM `coupon` [ RunTime:0.033002s ]
SQL: SELECT * FROM `coupon` WHERE ( `couponId` = 5 )  [ RunTime:0.033001s ]
SQL: SHOW COLUMNS FROM `user` [ RunTime:0.034002s ]
SQL: SELECT * FROM `user` WHERE ( `userPhone` = '456' )  [ RunTime:0.033002s ]
SQL: SHOW COLUMNS FROM `usercoupon` [ RunTime:0.033002s ]
SQL: INSERT INTO `usercoupon` (`usercouponUserId`,`usercouponCouponId`,`usercouponCreateTime`,`failureTime`,`couponFull`,`couponCut`) VALUES (4,5,'2016-09-23','2016-10-03',100,20) [ RunTime:0.041003s ]
SQL: UPDATE `user` SET `userIntegral`=3500 WHERE ( `userPhone` = '456' ) [ RunTime:0.032002s ]

