[ 2016-09-22T00:13:06+08:00 ] 0.0.0.0 /laundry/index.php/Home/addressDelete.html
INFO: [ app_begin ] --START--
INFO: ReadHtmlCache Behavior ::run [ RunTime:0.000000s ]
INFO: [ app_begin ] --END-- [ RunTime:0.000000s ]

[ 2016-09-22T00:13:58+08:00 ] 0.0.0.0 /laundry/index.php/Home/addSuggest.html
INFO: [ app_begin ] --START--
INFO: ReadHtmlCache Behavior ::run [ RunTime:0.000000s ]
INFO: [ app_begin ] --END-- [ RunTime:0.000000s ]

[ 2016-09-22T00:17:12+08:00 ] 0.0.0.0 /laundry/index.php/Home/addressDelete.html
INFO: [ app_begin ] --START--
INFO: ReadHtmlCache Behavior ::run [ RunTime:0.000000s ]
INFO: [ app_begin ] --END-- [ RunTime:0.000000s ]
NOTIC: [2] Missing argument 1 for I(), called in D:\xampp\htdocs\laundry\APP\Modules\Index\Action\HomeAction.class.php on line 76 and defined D:\xampp\htdocs\laundry\ThinkPHP\Common\common.php 第 71 行.
NOTIC: [8] Undefined variable: name D:\xampp\htdocs\laundry\ThinkPHP\Common\common.php 第 72 行.

[ 2016-09-22T00:17:16+08:00 ] 0.0.0.0 /laundry/index.php/Home/addressDelete.html
INFO: [ app_begin ] --START--
INFO: ReadHtmlCache Behavior ::run [ RunTime:0.001000s ]
INFO: [ app_begin ] --END-- [ RunTime:0.001000s ]
NOTIC: [2] Missing argument 1 for I(), called in D:\xampp\htdocs\laundry\APP\Modules\Index\Action\HomeAction.class.php on line 76 and defined D:\xampp\htdocs\laundry\ThinkPHP\Common\common.php 第 71 行.
NOTIC: [8] Undefined variable: name D:\xampp\htdocs\laundry\ThinkPHP\Common\common.php 第 72 行.

[ 2016-09-22T00:17:43+08:00 ] 0.0.0.0 /laundry/index.php/Home/addressDelete.html
INFO: [ app_begin ] --START--
INFO: ReadHtmlCache Behavior ::run [ RunTime:0.001000s ]
INFO: [ app_begin ] --END-- [ RunTime:0.001000s ]
NOTIC: [2] Missing argument 1 for I(), called in D:\xampp\htdocs\laundry\APP\Modules\Index\Action\HomeAction.class.php on line 76 and defined D:\xampp\htdocs\laundry\ThinkPHP\Common\common.php 第 71 行.
NOTIC: [8] Undefined variable: name D:\xampp\htdocs\laundry\ThinkPHP\Common\common.php 第 72 行.

[ 2016-09-22T00:17:48+08:00 ] 0.0.0.0 /laundry/index.php/Home/addressDelete.html
INFO: [ app_begin ] --START--
INFO: ReadHtmlCache Behavior ::run [ RunTime:0.000000s ]
INFO: [ app_begin ] --END-- [ RunTime:0.000000s ]
NOTIC: [2] Missing argument 1 for I(), called in D:\xampp\htdocs\laundry\APP\Modules\Index\Action\HomeAction.class.php on line 76 and defined D:\xampp\htdocs\laundry\ThinkPHP\Common\common.php 第 71 行.
NOTIC: [8] Undefined variable: name D:\xampp\htdocs\laundry\ThinkPHP\Common\common.php 第 72 行.

[ 2016-09-22T00:17:53+08:00 ] 0.0.0.0 /laundry/index.php/Home/addressDelete.html
INFO: [ app_begin ] --START--
INFO: ReadHtmlCache Behavior ::run [ RunTime:0.000000s ]
INFO: [ app_begin ] --END-- [ RunTime:0.000000s ]
NOTIC: [2] Missing argument 1 for I(), called in D:\xampp\htdocs\laundry\APP\Modules\Index\Action\HomeAction.class.php on line 76 and defined D:\xampp\htdocs\laundry\ThinkPHP\Common\common.php 第 71 行.
NOTIC: [8] Undefined variable: name D:\xampp\htdocs\laundry\ThinkPHP\Common\common.php 第 72 行.

[ 2016-09-22T00:20:58+08:00 ] 0.0.0.0 /laundry/index.php/Home/addressDelete.html
INFO: [ app_begin ] --START--
INFO: ReadHtmlCache Behavior ::run [ RunTime:0.001000s ]
INFO: [ app_begin ] --END-- [ RunTime:0.001000s ]
NOTIC: [2] Missing argument 1 for I(), called in D:\xampp\htdocs\laundry\APP\Modules\Index\Action\HomeAction.class.php on line 76 and defined D:\xampp\htdocs\laundry\ThinkPHP\Common\common.php 第 71 行.
NOTIC: [8] Undefined variable: name D:\xampp\htdocs\laundry\ThinkPHP\Common\common.php 第 72 行.

[ 2016-09-22T00:21:01+08:00 ] 0.0.0.0 /laundry/index.php/Home/addressDelete.html
INFO: [ app_begin ] --START--
INFO: ReadHtmlCache Behavior ::run [ RunTime:0.001000s ]
INFO: [ app_begin ] --END-- [ RunTime:0.001000s ]
NOTIC: [2] Missing argument 1 for I(), called in D:\xampp\htdocs\laundry\APP\Modules\Index\Action\HomeAction.class.php on line 76 and defined D:\xampp\htdocs\laundry\ThinkPHP\Common\common.php 第 71 行.
NOTIC: [8] Undefined variable: name D:\xampp\htdocs\laundry\ThinkPHP\Common\common.php 第 72 行.

[ 2016-09-22T00:21:10+08:00 ] 0.0.0.0 /laundry/index.php/Home/addressDelete.html
INFO: [ app_begin ] --START--
INFO: ReadHtmlCache Behavior ::run [ RunTime:0.000000s ]
INFO: [ app_begin ] --END-- [ RunTime:0.000000s ]
NOTIC: [2] Missing argument 1 for I(), called in D:\xampp\htdocs\laundry\APP\Modules\Index\Action\HomeAction.class.php on line 76 and defined D:\xampp\htdocs\laundry\ThinkPHP\Common\common.php 第 71 行.
NOTIC: [8] Undefined variable: name D:\xampp\htdocs\laundry\ThinkPHP\Common\common.php 第 72 行.

[ 2016-09-22T00:21:23+08:00 ] 0.0.0.0 /laundry/index.php/Home/addressDelete.html
INFO: [ app_begin ] --START--
INFO: ReadHtmlCache Behavior ::run [ RunTime:0.000000s ]
INFO: [ app_begin ] --END-- [ RunTime:0.000000s ]

[ 2016-09-22T13:25:29+08:00 ] 0.0.0.0 /laundry/index.php/Index/Home/coupon.html
ERR: Model:relation您所请求的方法不存在！

[ 2016-09-22T13:27:43+08:00 ] 0.0.0.0 /laundry/index.php/Index/Home/coupon.html
ERR: Model:relation您所请求的方法不存在！

[ 2016-09-22T13:31:38+08:00 ] 0.0.0.0 /laundry/index.php/Index/Home/coupon.html
ERR: Model:relation您所请求的方法不存在！

[ 2016-09-22T13:31:46+08:00 ] 0.0.0.0 /laundry/index.php/Index/Home/coupon.html
ERR: Model:relation您所请求的方法不存在！

[ 2016-09-22T15:34:00+08:00 ] 0.0.0.0 /laundry/index.php/Index/Home/coupon.html
ERR: Model:relation您所请求的方法不存在！

[ 2016-09-22T15:34:12+08:00 ] 0.0.0.0 /laundry/index.php/Index/Home/coupon.html
ERR: Model:relation您所请求的方法不存在！

[ 2016-09-22T15:35:42+08:00 ] 0.0.0.0 /laundry/index.php/Index/Home/coupon.html
ERR: Model:relation您所请求的方法不存在！

[ 2016-09-22T16:10:56+08:00 ] 0.0.0.0 /laundry/index.php/Home/addSuggest.html
INFO: [ app_begin ] --START--
INFO: ReadHtmlCache Behavior ::run [ RunTime:0.001000s ]
INFO: [ app_begin ] --END-- [ RunTime:0.001000s ]

[ 2016-09-22T16:11:02+08:00 ] 0.0.0.0 /laundry/index.php/Home/addSuggest.html
INFO: [ app_begin ] --START--
INFO: ReadHtmlCache Behavior ::run [ RunTime:0.000000s ]
INFO: [ app_begin ] --END-- [ RunTime:0.000000s ]

[ 2016-09-22T16:12:55+08:00 ] 0.0.0.0 /laundry/index.php/Home/addSuggest.html
INFO: [ app_begin ] --START--
INFO: ReadHtmlCache Behavior ::run [ RunTime:0.000000s ]
INFO: [ app_begin ] --END-- [ RunTime:0.000000s ]
SQL: SHOW COLUMNS FROM `user` [ RunTime:0.031200s ]
SQL: SELECT `userName` FROM `user` WHERE ( `userPhone` = '12345678900' ) LIMIT 1   [ RunTime:0.031200s ]
SQL: SHOW COLUMNS FROM `feedback` [ RunTime:0.031201s ]
SQL: INSERT INTO `feedback` (`feedbackContent`,`feedbackOpenId`,`feedbackName`) VALUES ('Array : ','12345678900','小一') [ RunTime:0.031200s ]

[ 2016-09-22T16:12:58+08:00 ] 0.0.0.0 /laundry/index.php/Home/addSuggest.html
INFO: [ app_begin ] --START--
INFO: ReadHtmlCache Behavior ::run [ RunTime:0.000000s ]
INFO: [ app_begin ] --END-- [ RunTime:0.000000s ]
SQL: SHOW COLUMNS FROM `user` [ RunTime:0.031200s ]
SQL: SELECT `userName` FROM `user` WHERE ( `userPhone` = '12345678900' ) LIMIT 1   [ RunTime:0.033200s ]
SQL: SHOW COLUMNS FROM `feedback` [ RunTime:0.031200s ]
SQL: INSERT INTO `feedback` (`feedbackContent`,`feedbackOpenId`,`feedbackName`) VALUES ('Array : ','12345678900','小一') [ RunTime:0.046800s ]

[ 2016-09-22T16:13:03+08:00 ] 0.0.0.0 /laundry/index.php/Home/addSuggest.html
INFO: [ app_begin ] --START--
INFO: ReadHtmlCache Behavior ::run [ RunTime:0.001000s ]
INFO: [ app_begin ] --END-- [ RunTime:0.002000s ]
SQL: SHOW COLUMNS FROM `user` [ RunTime:0.031200s ]
SQL: SELECT `userName` FROM `user` WHERE ( `userPhone` = '12345678900' ) LIMIT 1   [ RunTime:0.031200s ]
SQL: SHOW COLUMNS FROM `feedback` [ RunTime:0.031200s ]
SQL: INSERT INTO `feedback` (`feedbackContent`,`feedbackOpenId`,`feedbackName`) VALUES ('Array : ','12345678900','小一') [ RunTime:0.046800s ]

[ 2016-09-22T16:13:06+08:00 ] 0.0.0.0 /laundry/index.php/Home/addSuggest.html
INFO: [ app_begin ] --START--
INFO: ReadHtmlCache Behavior ::run [ RunTime:0.015600s ]
INFO: [ app_begin ] --END-- [ RunTime:0.015600s ]
SQL: SHOW COLUMNS FROM `user` [ RunTime:0.031200s ]
SQL: SELECT `userName` FROM `user` WHERE ( `userPhone` = '12345678900' ) LIMIT 1   [ RunTime:0.031200s ]
SQL: SHOW COLUMNS FROM `feedback` [ RunTime:0.031200s ]
SQL: INSERT INTO `feedback` (`feedbackContent`,`feedbackOpenId`,`feedbackName`) VALUES ('Array : ','12345678900','小一') [ RunTime:0.046800s ]

[ 2016-09-22T16:14:11+08:00 ] 0.0.0.0 /laundry/index.php/Home/addSuggest.html
INFO: [ app_begin ] --START--
INFO: ReadHtmlCache Behavior ::run [ RunTime:0.001000s ]
INFO: [ app_begin ] --END-- [ RunTime:0.001000s ]
SQL: SHOW COLUMNS FROM `user` [ RunTime:0.031200s ]
SQL: SELECT `userName` FROM `user` WHERE ( `userPhone` = '12345678900' ) LIMIT 1   [ RunTime:0.031200s ]
SQL: SHOW COLUMNS FROM `feedback` [ RunTime:0.031200s ]
SQL: INSERT INTO `feedback` (`feedbackContent`,`feedbackOpenId`,`feedbackName`) VALUES ('Array : ','12345678900','小一') [ RunTime:0.033201s ]

[ 2016-09-22T16:14:13+08:00 ] 0.0.0.0 /laundry/index.php/Home/addSuggest.html
INFO: [ app_begin ] --START--
INFO: ReadHtmlCache Behavior ::run [ RunTime:0.000000s ]
INFO: [ app_begin ] --END-- [ RunTime:0.000000s ]
SQL: SHOW COLUMNS FROM `user` [ RunTime:0.031200s ]
SQL: SELECT `userName` FROM `user` WHERE ( `userPhone` = '12345678900' ) LIMIT 1   [ RunTime:0.031200s ]
SQL: SHOW COLUMNS FROM `feedback` [ RunTime:0.031200s ]
SQL: INSERT INTO `feedback` (`feedbackContent`,`feedbackOpenId`,`feedbackName`) VALUES ('Array : ','12345678900','小一') [ RunTime:0.031200s ]

[ 2016-09-22T16:14:15+08:00 ] 0.0.0.0 /laundry/index.php/Home/addSuggest.html
INFO: [ app_begin ] --START--
INFO: ReadHtmlCache Behavior ::run [ RunTime:0.000000s ]
INFO: [ app_begin ] --END-- [ RunTime:0.000000s ]
SQL: SHOW COLUMNS FROM `user` [ RunTime:0.031200s ]
SQL: SELECT `userName` FROM `user` WHERE ( `userPhone` = '12345678900' ) LIMIT 1   [ RunTime:0.031200s ]
SQL: SHOW COLUMNS FROM `feedback` [ RunTime:0.031200s ]
SQL: INSERT INTO `feedback` (`feedbackContent`,`feedbackOpenId`,`feedbackName`) VALUES ('Array : ','12345678900','小一') [ RunTime:0.046800s ]

[ 2016-09-22T16:14:16+08:00 ] 0.0.0.0 /laundry/index.php/Home/addSuggest.html
INFO: [ app_begin ] --START--
INFO: ReadHtmlCache Behavior ::run [ RunTime:0.000000s ]
INFO: [ app_begin ] --END-- [ RunTime:0.000000s ]
SQL: SHOW COLUMNS FROM `user` [ RunTime:0.031200s ]
SQL: SELECT `userName` FROM `user` WHERE ( `userPhone` = '12345678900' ) LIMIT 1   [ RunTime:0.031200s ]
SQL: SHOW COLUMNS FROM `feedback` [ RunTime:0.046800s ]
SQL: INSERT INTO `feedback` (`feedbackContent`,`feedbackOpenId`,`feedbackName`) VALUES ('Array : ','12345678900','小一') [ RunTime:0.033200s ]

[ 2016-09-22T16:14:16+08:00 ] 0.0.0.0 /laundry/index.php/Home/addSuggest.html
INFO: [ app_begin ] --START--
INFO: ReadHtmlCache Behavior ::run [ RunTime:0.001000s ]
INFO: [ app_begin ] --END-- [ RunTime:0.001000s ]
SQL: SHOW COLUMNS FROM `user` [ RunTime:0.031200s ]
SQL: SELECT `userName` FROM `user` WHERE ( `userPhone` = '12345678900' ) LIMIT 1   [ RunTime:0.031200s ]
SQL: SHOW COLUMNS FROM `feedback` [ RunTime:0.031200s ]
SQL: INSERT INTO `feedback` (`feedbackContent`,`feedbackOpenId`,`feedbackName`) VALUES ('Array : ','12345678900','小一') [ RunTime:0.045201s ]

[ 2016-09-22T16:14:16+08:00 ] 0.0.0.0 /laundry/index.php/Home/addSuggest.html
INFO: [ app_begin ] --START--
INFO: ReadHtmlCache Behavior ::run [ RunTime:0.015600s ]
INFO: [ app_begin ] --END-- [ RunTime:0.015600s ]
SQL: SHOW COLUMNS FROM `user` [ RunTime:0.031201s ]
SQL: SELECT `userName` FROM `user` WHERE ( `userPhone` = '12345678900' ) LIMIT 1   [ RunTime:0.044200s ]
SQL: SHOW COLUMNS FROM `feedback` [ RunTime:0.028601s ]
SQL: INSERT INTO `feedback` (`feedbackContent`,`feedbackOpenId`,`feedbackName`) VALUES ('Array : ','12345678900','小一') [ RunTime:0.031200s ]

[ 2016-09-22T16:14:17+08:00 ] 0.0.0.0 /laundry/index.php/Home/addSuggest.html
INFO: [ app_begin ] --START--
INFO: ReadHtmlCache Behavior ::run [ RunTime:0.001000s ]
INFO: [ app_begin ] --END-- [ RunTime:0.001000s ]
SQL: SHOW COLUMNS FROM `user` [ RunTime:0.031200s ]
SQL: SELECT `userName` FROM `user` WHERE ( `userPhone` = '12345678900' ) LIMIT 1   [ RunTime:0.031200s ]
SQL: SHOW COLUMNS FROM `feedback` [ RunTime:0.046800s ]
SQL: INSERT INTO `feedback` (`feedbackContent`,`feedbackOpenId`,`feedbackName`) VALUES ('Array : ','12345678900','小一') [ RunTime:0.031200s ]

[ 2016-09-22T16:14:17+08:00 ] 0.0.0.0 /laundry/index.php/Home/addSuggest.html
INFO: [ app_begin ] --START--
INFO: ReadHtmlCache Behavior ::run [ RunTime:0.000000s ]
INFO: [ app_begin ] --END-- [ RunTime:0.000000s ]
SQL: SHOW COLUMNS FROM `user` [ RunTime:0.031002s ]
SQL: SELECT `userName` FROM `user` WHERE ( `userPhone` = '12345678900' ) LIMIT 1   [ RunTime:0.030002s ]
SQL: SHOW COLUMNS FROM `feedback` [ RunTime:0.031001s ]
SQL: INSERT INTO `feedback` (`feedbackContent`,`feedbackOpenId`,`feedbackName`) VALUES ('Array : ','12345678900','小一') [ RunTime:0.030002s ]

[ 2016-09-22T16:14:24+08:00 ] 0.0.0.0 /laundry/index.php/Home/addSuggest.html
INFO: [ app_begin ] --START--
INFO: ReadHtmlCache Behavior ::run [ RunTime:0.000000s ]
INFO: [ app_begin ] --END-- [ RunTime:0.000000s ]
SQL: SHOW COLUMNS FROM `user` [ RunTime:0.031200s ]
SQL: SELECT `userName` FROM `user` WHERE ( `userPhone` = '12345678900' ) LIMIT 1   [ RunTime:0.031200s ]
SQL: SHOW COLUMNS FROM `feedback` [ RunTime:0.031200s ]
SQL: INSERT INTO `feedback` (`feedbackContent`,`feedbackOpenId`,`feedbackName`) VALUES ('Array : ','12345678900','小一') [ RunTime:0.031200s ]

[ 2016-09-22T16:14:26+08:00 ] 0.0.0.0 /laundry/index.php/Home/addSuggest.html
INFO: [ app_begin ] --START--
INFO: ReadHtmlCache Behavior ::run [ RunTime:0.000000s ]
INFO: [ app_begin ] --END-- [ RunTime:0.000000s ]
SQL: SHOW COLUMNS FROM `user` [ RunTime:0.031200s ]
SQL: SELECT `userName` FROM `user` WHERE ( `userPhone` = '12345678900' ) LIMIT 1   [ RunTime:0.031200s ]
SQL: SHOW COLUMNS FROM `feedback` [ RunTime:0.031200s ]
SQL: INSERT INTO `feedback` (`feedbackContent`,`feedbackOpenId`,`feedbackName`) VALUES ('Array : ','12345678900','小一') [ RunTime:0.062400s ]

[ 2016-09-22T16:14:26+08:00 ] 0.0.0.0 /laundry/index.php/Home/addSuggest.html
INFO: [ app_begin ] --START--
INFO: ReadHtmlCache Behavior ::run [ RunTime:0.000000s ]
INFO: [ app_begin ] --END-- [ RunTime:0.000000s ]
SQL: SHOW COLUMNS FROM `user` [ RunTime:0.031200s ]
SQL: SELECT `userName` FROM `user` WHERE ( `userPhone` = '12345678900' ) LIMIT 1   [ RunTime:0.031200s ]
SQL: SHOW COLUMNS FROM `feedback` [ RunTime:0.031200s ]
SQL: INSERT INTO `feedback` (`feedbackContent`,`feedbackOpenId`,`feedbackName`) VALUES ('Array : ','12345678900','小一') [ RunTime:0.031200s ]

[ 2016-09-22T16:14:26+08:00 ] 0.0.0.0 /laundry/index.php/Home/addSuggest.html
INFO: [ app_begin ] --START--
INFO: ReadHtmlCache Behavior ::run [ RunTime:0.000000s ]
INFO: [ app_begin ] --END-- [ RunTime:0.001000s ]
SQL: SHOW COLUMNS FROM `user` [ RunTime:0.031200s ]
SQL: SELECT `userName` FROM `user` WHERE ( `userPhone` = '12345678900' ) LIMIT 1   [ RunTime:0.031200s ]
SQL: SHOW COLUMNS FROM `feedback` [ RunTime:0.031200s ]
SQL: INSERT INTO `feedback` (`feedbackContent`,`feedbackOpenId`,`feedbackName`) VALUES ('Array : ','12345678900','小一') [ RunTime:0.046800s ]

[ 2016-09-22T16:14:27+08:00 ] 0.0.0.0 /laundry/index.php/Home/addSuggest.html
INFO: [ app_begin ] --START--
INFO: ReadHtmlCache Behavior ::run [ RunTime:0.001000s ]
INFO: [ app_begin ] --END-- [ RunTime:0.001000s ]
SQL: SHOW COLUMNS FROM `user` [ RunTime:0.031200s ]
SQL: SELECT `userName` FROM `user` WHERE ( `userPhone` = '12345678900' ) LIMIT 1   [ RunTime:0.031200s ]
SQL: SHOW COLUMNS FROM `feedback` [ RunTime:0.031200s ]
SQL: INSERT INTO `feedback` (`feedbackContent`,`feedbackOpenId`,`feedbackName`) VALUES ('Array : ','12345678900','小一') [ RunTime:0.034200s ]

[ 2016-09-22T16:14:27+08:00 ] 0.0.0.0 /laundry/index.php/Home/addSuggest.html
INFO: [ app_begin ] --START--
INFO: ReadHtmlCache Behavior ::run [ RunTime:0.000000s ]
INFO: [ app_begin ] --END-- [ RunTime:0.000000s ]
SQL: SHOW COLUMNS FROM `user` [ RunTime:0.031200s ]
SQL: SELECT `userName` FROM `user` WHERE ( `userPhone` = '12345678900' ) LIMIT 1   [ RunTime:0.031200s ]
SQL: SHOW COLUMNS FROM `feedback` [ RunTime:0.031200s ]
SQL: INSERT INTO `feedback` (`feedbackContent`,`feedbackOpenId`,`feedbackName`) VALUES ('Array : ','12345678900','小一') [ RunTime:0.031200s ]

[ 2016-09-22T16:14:27+08:00 ] 0.0.0.0 /laundry/index.php/Home/addSuggest.html
INFO: [ app_begin ] --START--
INFO: ReadHtmlCache Behavior ::run [ RunTime:0.000000s ]
INFO: [ app_begin ] --END-- [ RunTime:0.000000s ]
SQL: SHOW COLUMNS FROM `user` [ RunTime:0.046800s ]
SQL: SELECT `userName` FROM `user` WHERE ( `userPhone` = '12345678900' ) LIMIT 1   [ RunTime:0.024600s ]
SQL: SHOW COLUMNS FROM `feedback` [ RunTime:0.031201s ]
SQL: INSERT INTO `feedback` (`feedbackContent`,`feedbackOpenId`,`feedbackName`) VALUES ('Array : ','12345678900','小一') [ RunTime:0.047800s ]

[ 2016-09-22T16:14:28+08:00 ] 0.0.0.0 /laundry/index.php/Home/addSuggest.html
INFO: [ app_begin ] --START--
INFO: ReadHtmlCache Behavior ::run [ RunTime:0.001000s ]
INFO: [ app_begin ] --END-- [ RunTime:0.001000s ]
SQL: SHOW COLUMNS FROM `user` [ RunTime:0.031200s ]
SQL: SELECT `userName` FROM `user` WHERE ( `userPhone` = '12345678900' ) LIMIT 1   [ RunTime:0.031200s ]
SQL: SHOW COLUMNS FROM `feedback` [ RunTime:0.031200s ]
SQL: INSERT INTO `feedback` (`feedbackContent`,`feedbackOpenId`,`feedbackName`) VALUES ('Array : ','12345678900','小一') [ RunTime:0.033200s ]

[ 2016-09-22T16:14:28+08:00 ] 0.0.0.0 /laundry/index.php/Home/addSuggest.html
INFO: [ app_begin ] --START--
INFO: ReadHtmlCache Behavior ::run [ RunTime:0.000000s ]
INFO: [ app_begin ] --END-- [ RunTime:0.000000s ]
SQL: SHOW COLUMNS FROM `user` [ RunTime:0.031201s ]
SQL: SELECT `userName` FROM `user` WHERE ( `userPhone` = '12345678900' ) LIMIT 1   [ RunTime:0.031200s ]
SQL: SHOW COLUMNS FROM `feedback` [ RunTime:0.031200s ]
SQL: INSERT INTO `feedback` (`feedbackContent`,`feedbackOpenId`,`feedbackName`) VALUES ('Array : ','12345678900','小一') [ RunTime:0.031200s ]

[ 2016-09-22T16:14:29+08:00 ] 0.0.0.0 /laundry/index.php/Home/addSuggest.html
INFO: [ app_begin ] --START--
INFO: ReadHtmlCache Behavior ::run [ RunTime:0.000000s ]
INFO: [ app_begin ] --END-- [ RunTime:0.000000s ]
SQL: SHOW COLUMNS FROM `user` [ RunTime:0.046800s ]
SQL: SELECT `userName` FROM `user` WHERE ( `userPhone` = '12345678900' ) LIMIT 1   [ RunTime:0.031200s ]
SQL: SHOW COLUMNS FROM `feedback` [ RunTime:0.031200s ]
SQL: INSERT INTO `feedback` (`feedbackContent`,`feedbackOpenId`,`feedbackName`) VALUES ('Array : ','12345678900','小一') [ RunTime:0.031200s ]

[ 2016-09-22T16:14:29+08:00 ] 0.0.0.0 /laundry/index.php/Home/addSuggest.html
INFO: [ app_begin ] --START--
INFO: ReadHtmlCache Behavior ::run [ RunTime:0.000000s ]
INFO: [ app_begin ] --END-- [ RunTime:0.000000s ]
SQL: SHOW COLUMNS FROM `user` [ RunTime:0.031200s ]
SQL: SELECT `userName` FROM `user` WHERE ( `userPhone` = '12345678900' ) LIMIT 1   [ RunTime:0.031200s ]
SQL: SHOW COLUMNS FROM `feedback` [ RunTime:0.038601s ]
SQL: INSERT INTO `feedback` (`feedbackContent`,`feedbackOpenId`,`feedbackName`) VALUES ('Array : ','12345678900','小一') [ RunTime:0.032002s ]

[ 2016-09-22T16:14:29+08:00 ] 0.0.0.0 /laundry/index.php/Home/addSuggest.html
INFO: [ app_begin ] --START--
INFO: ReadHtmlCache Behavior ::run [ RunTime:0.001000s ]
INFO: [ app_begin ] --END-- [ RunTime:0.001000s ]
SQL: SHOW COLUMNS FROM `user` [ RunTime:0.031200s ]
SQL: SELECT `userName` FROM `user` WHERE ( `userPhone` = '12345678900' ) LIMIT 1   [ RunTime:0.031200s ]
SQL: SHOW COLUMNS FROM `feedback` [ RunTime:0.046800s ]
SQL: INSERT INTO `feedback` (`feedbackContent`,`feedbackOpenId`,`feedbackName`) VALUES ('Array : ','12345678900','小一') [ RunTime:0.031200s ]

[ 2016-09-22T16:14:30+08:00 ] 0.0.0.0 /laundry/index.php/Home/addSuggest.html
INFO: [ app_begin ] --START--
INFO: ReadHtmlCache Behavior ::run [ RunTime:0.000000s ]
INFO: [ app_begin ] --END-- [ RunTime:0.000000s ]
SQL: SHOW COLUMNS FROM `user` [ RunTime:0.031200s ]
SQL: SELECT `userName` FROM `user` WHERE ( `userPhone` = '12345678900' ) LIMIT 1   [ RunTime:0.031200s ]
SQL: SHOW COLUMNS FROM `feedback` [ RunTime:0.031200s ]
SQL: INSERT INTO `feedback` (`feedbackContent`,`feedbackOpenId`,`feedbackName`) VALUES ('Array : ','12345678900','小一') [ RunTime:0.031200s ]

[ 2016-09-22T16:14:30+08:00 ] 0.0.0.0 /laundry/index.php/Home/addSuggest.html
INFO: [ app_begin ] --START--
INFO: ReadHtmlCache Behavior ::run [ RunTime:0.000000s ]
INFO: [ app_begin ] --END-- [ RunTime:0.000000s ]
SQL: SHOW COLUMNS FROM `user` [ RunTime:0.031200s ]
SQL: SELECT `userName` FROM `user` WHERE ( `userPhone` = '12345678900' ) LIMIT 1   [ RunTime:0.031200s ]
SQL: SHOW COLUMNS FROM `feedback` [ RunTime:0.046801s ]
SQL: INSERT INTO `feedback` (`feedbackContent`,`feedbackOpenId`,`feedbackName`) VALUES ('Array : ','12345678900','小一') [ RunTime:0.031200s ]

[ 2016-09-22T16:14:55+08:00 ] 0.0.0.0 /laundry/index.php/Home/addSuggest.html
INFO: [ app_begin ] --START--
INFO: ReadHtmlCache Behavior ::run [ RunTime:0.000000s ]
INFO: [ app_begin ] --END-- [ RunTime:0.000000s ]
SQL: SHOW COLUMNS FROM `user` [ RunTime:0.031200s ]
SQL: SELECT `userName` FROM `user` WHERE ( `userPhone` = '12345678900' ) LIMIT 1   [ RunTime:0.031200s ]
SQL: SHOW COLUMNS FROM `feedback` [ RunTime:0.031200s ]
SQL: INSERT INTO `feedback` (`feedbackContent`,`feedbackOpenId`,`feedbackName`) VALUES ('Array : ','12345678900','小一') [ RunTime:0.031200s ]

[ 2016-09-22T16:14:56+08:00 ] 0.0.0.0 /laundry/index.php/Home/addSuggest.html
INFO: [ app_begin ] --START--
INFO: ReadHtmlCache Behavior ::run [ RunTime:0.001000s ]
INFO: [ app_begin ] --END-- [ RunTime:0.001000s ]
SQL: SHOW COLUMNS FROM `user` [ RunTime:0.031200s ]
SQL: SELECT `userName` FROM `user` WHERE ( `userPhone` = '12345678900' ) LIMIT 1   [ RunTime:0.031200s ]
SQL: SHOW COLUMNS FROM `feedback` [ RunTime:0.031200s ]
SQL: INSERT INTO `feedback` (`feedbackContent`,`feedbackOpenId`,`feedbackName`) VALUES ('Array : ','12345678900','小一') [ RunTime:0.031201s ]

[ 2016-09-22T16:14:57+08:00 ] 0.0.0.0 /laundry/index.php/Home/addSuggest.html
INFO: [ app_begin ] --START--
INFO: ReadHtmlCache Behavior ::run [ RunTime:0.000000s ]
INFO: [ app_begin ] --END-- [ RunTime:0.000000s ]
SQL: SHOW COLUMNS FROM `user` [ RunTime:0.031200s ]
SQL: SELECT `userName` FROM `user` WHERE ( `userPhone` = '12345678900' ) LIMIT 1   [ RunTime:0.031200s ]
SQL: SHOW COLUMNS FROM `feedback` [ RunTime:0.031200s ]
SQL: INSERT INTO `feedback` (`feedbackContent`,`feedbackOpenId`,`feedbackName`) VALUES ('Array : ','12345678900','小一') [ RunTime:0.047800s ]

[ 2016-09-22T16:14:57+08:00 ] 0.0.0.0 /laundry/index.php/Home/addSuggest.html
INFO: [ app_begin ] --START--
INFO: ReadHtmlCache Behavior ::run [ RunTime:0.000000s ]
INFO: [ app_begin ] --END-- [ RunTime:0.000000s ]
SQL: SHOW COLUMNS FROM `user` [ RunTime:0.031200s ]
SQL: SELECT `userName` FROM `user` WHERE ( `userPhone` = '12345678900' ) LIMIT 1   [ RunTime:0.031200s ]
SQL: SHOW COLUMNS FROM `feedback` [ RunTime:0.031200s ]
SQL: INSERT INTO `feedback` (`feedbackContent`,`feedbackOpenId`,`feedbackName`) VALUES ('Array : ','12345678900','小一') [ RunTime:0.031200s ]

[ 2016-09-22T16:14:58+08:00 ] 0.0.0.0 /laundry/index.php/Home/addSuggest.html
INFO: [ app_begin ] --START--
INFO: ReadHtmlCache Behavior ::run [ RunTime:0.000000s ]
INFO: [ app_begin ] --END-- [ RunTime:0.000000s ]
SQL: SHOW COLUMNS FROM `user` [ RunTime:0.047201s ]
SQL: SELECT `userName` FROM `user` WHERE ( `userPhone` = '12345678900' ) LIMIT 1   [ RunTime:0.032002s ]
SQL: SHOW COLUMNS FROM `feedback` [ RunTime:0.033002s ]
SQL: INSERT INTO `feedback` (`feedbackContent`,`feedbackOpenId`,`feedbackName`) VALUES ('Array : ','12345678900','小一') [ RunTime:0.034002s ]

[ 2016-09-22T16:19:30+08:00 ] 0.0.0.0 /laundry/index.php/Home/addSuggest.html
INFO: [ app_begin ] --START--
INFO: ReadHtmlCache Behavior ::run [ RunTime:0.001000s ]
INFO: [ app_begin ] --END-- [ RunTime:0.001000s ]
SQL: SHOW COLUMNS FROM `user` [ RunTime:0.031200s ]
SQL: SELECT `userName` FROM `user` WHERE ( `userPhone` = '12345678900' ) LIMIT 1   [ RunTime:0.031200s ]
SQL: SHOW COLUMNS FROM `feedback` [ RunTime:0.031200s ]
SQL: INSERT INTO `feedback` (`feedbackContent`,`feedbackOpenId`,`feedbackName`) VALUES ('Array : ','12345678900','小一') [ RunTime:0.031200s ]

[ 2016-09-22T16:20:05+08:00 ] 0.0.0.0 /laundry/index.php/Home/addSuggest.html
INFO: [ app_begin ] --START--
INFO: ReadHtmlCache Behavior ::run [ RunTime:0.001000s ]
INFO: [ app_begin ] --END-- [ RunTime:0.001000s ]
SQL: SHOW COLUMNS FROM `user` [ RunTime:0.031200s ]
SQL: SELECT `userName` FROM `user` WHERE ( `userPhone` = '12345678900' ) LIMIT 1   [ RunTime:0.031200s ]
SQL: SHOW COLUMNS FROM `feedback` [ RunTime:0.031200s ]
SQL: INSERT INTO `feedback` (`feedbackContent`,`feedbackOpenId`,`feedbackName`) VALUES ('Array : ','12345678900','小一') [ RunTime:0.031200s ]

[ 2016-09-22T16:21:08+08:00 ] 0.0.0.0 /laundry/index.php/Home/addSuggest.html
INFO: [ app_begin ] --START--
INFO: ReadHtmlCache Behavior ::run [ RunTime:0.001000s ]
INFO: [ app_begin ] --END-- [ RunTime:0.001000s ]
SQL: SHOW COLUMNS FROM `user` [ RunTime:0.031200s ]
SQL: SELECT `userName` FROM `user` WHERE ( `userPhone` = '12345678900' ) LIMIT 1   [ RunTime:0.031200s ]
SQL: SHOW COLUMNS FROM `feedback` [ RunTime:0.046800s ]
SQL: INSERT INTO `feedback` (`feedbackContent`,`feedbackOpenId`,`feedbackName`) VALUES ('Array : ','12345678900','小一') [ RunTime:0.031200s ]

[ 2016-09-22T16:22:31+08:00 ] 0.0.0.0 /laundry/index.php/Home/addSuggest.html
INFO: [ app_begin ] --START--
INFO: ReadHtmlCache Behavior ::run [ RunTime:0.001000s ]
INFO: [ app_begin ] --END-- [ RunTime:0.001000s ]
SQL: SHOW COLUMNS FROM `user` [ RunTime:0.031200s ]
SQL: SELECT `userName` FROM `user` WHERE ( `userPhone` = '12345678900' ) LIMIT 1   [ RunTime:0.031200s ]
SQL: SHOW COLUMNS FROM `feedback` [ RunTime:0.031200s ]
SQL: INSERT INTO `feedback` (`feedbackContent`,`feedbackOpenId`,`feedbackName`) VALUES ('','12345678900','小一') [ RunTime:0.062400s ]

[ 2016-09-22T16:23:13+08:00 ] 0.0.0.0 /laundry/index.php/Home/addSuggest.html
INFO: [ app_begin ] --START--
INFO: ReadHtmlCache Behavior ::run [ RunTime:0.000000s ]
INFO: [ app_begin ] --END-- [ RunTime:0.000000s ]
SQL: SHOW COLUMNS FROM `user` [ RunTime:0.031200s ]
SQL: SELECT `userName` FROM `user` WHERE ( `userPhone` = '12345678900' ) LIMIT 1   [ RunTime:0.031200s ]
SQL: SHOW COLUMNS FROM `feedback` [ RunTime:0.031200s ]
SQL: INSERT INTO `feedback` (`feedbackOpenId`,`feedbackName`) VALUES ('12345678900','小一') [ RunTime:0.062400s ]

[ 2016-09-22T16:24:21+08:00 ] 0.0.0.0 /laundry/index.php/Home/addSuggest.html
INFO: [ app_begin ] --START--
INFO: ReadHtmlCache Behavior ::run [ RunTime:0.000000s ]
INFO: [ app_begin ] --END-- [ RunTime:0.000000s ]
SQL: SHOW COLUMNS FROM `user` [ RunTime:0.031200s ]
SQL: SELECT `userName` FROM `user` WHERE ( `userPhone` = '12345678900' ) LIMIT 1   [ RunTime:0.031200s ]
SQL: SHOW COLUMNS FROM `feedback` [ RunTime:0.031200s ]
SQL: INSERT INTO `feedback` (`feedbackOpenId`,`feedbackName`) VALUES ('12345678900','小一') [ RunTime:0.031200s ]

[ 2016-09-22T16:24:27+08:00 ] 0.0.0.0 /laundry/index.php/Home/addSuggest.html
INFO: [ app_begin ] --START--
INFO: ReadHtmlCache Behavior ::run [ RunTime:0.001000s ]
INFO: [ app_begin ] --END-- [ RunTime:0.001000s ]
SQL: SHOW COLUMNS FROM `user` [ RunTime:0.031200s ]
SQL: SELECT `userName` FROM `user` WHERE ( `userPhone` = '12345678900' ) LIMIT 1   [ RunTime:0.031200s ]
SQL: SHOW COLUMNS FROM `feedback` [ RunTime:0.031200s ]
SQL: INSERT INTO `feedback` (`feedbackOpenId`,`feedbackName`) VALUES ('12345678900','小一') [ RunTime:0.046800s ]

[ 2016-09-22T16:24:51+08:00 ] 0.0.0.0 /laundry/index.php/Home/addSuggest.html
INFO: [ app_begin ] --START--
INFO: ReadHtmlCache Behavior ::run [ RunTime:0.000000s ]
INFO: [ app_begin ] --END-- [ RunTime:0.000000s ]
SQL: SHOW COLUMNS FROM `user` [ RunTime:0.031201s ]
SQL: SELECT `userName` FROM `user` WHERE ( `userPhone` = '12345678900' ) LIMIT 1   [ RunTime:0.031200s ]
SQL: SHOW COLUMNS FROM `feedback` [ RunTime:0.031200s ]
SQL: INSERT INTO `feedback` (`feedbackOpenId`,`feedbackName`) VALUES ('12345678900','小一') [ RunTime:0.046800s ]

[ 2016-09-22T16:24:55+08:00 ] 0.0.0.0 /laundry/index.php/Home/addSuggest.html
INFO: [ app_begin ] --START--
INFO: ReadHtmlCache Behavior ::run [ RunTime:0.000000s ]
INFO: [ app_begin ] --END-- [ RunTime:0.000000s ]
SQL: SHOW COLUMNS FROM `user` [ RunTime:0.031200s ]
SQL: SELECT `userName` FROM `user` WHERE ( `userPhone` = '12345678900' ) LIMIT 1   [ RunTime:0.031200s ]
SQL: SHOW COLUMNS FROM `feedback` [ RunTime:0.031200s ]
SQL: INSERT INTO `feedback` (`feedbackOpenId`,`feedbackName`) VALUES ('12345678900','小一') [ RunTime:0.031201s ]

[ 2016-09-22T16:27:52+08:00 ] 0.0.0.0 /laundry/index.php/Home/addSuggest.html
INFO: [ app_begin ] --START--
INFO: ReadHtmlCache Behavior ::run [ RunTime:0.001000s ]
INFO: [ app_begin ] --END-- [ RunTime:0.001000s ]

[ 2016-09-22T16:30:45+08:00 ] 0.0.0.0 /laundry/index.php/Home/addSuggest.html
INFO: [ app_begin ] --START--
INFO: ReadHtmlCache Behavior ::run [ RunTime:0.001000s ]
INFO: [ app_begin ] --END-- [ RunTime:0.001000s ]
SQL: SHOW COLUMNS FROM `user` [ RunTime:0.031200s ]
SQL: SELECT `userName` FROM `user` WHERE ( `userPhone` = '12345678900' ) LIMIT 1   [ RunTime:0.031200s ]
SQL: SHOW COLUMNS FROM `feedback` [ RunTime:0.031200s ]
SQL: INSERT INTO `feedback` (`feedbackOpenId`,`feedbackName`) VALUES ('12345678900','小一') [ RunTime:0.031200s ]

[ 2016-09-22T16:31:09+08:00 ] 0.0.0.0 /laundry/index.php/Home/addSuggest.html
INFO: [ app_begin ] --START--
INFO: ReadHtmlCache Behavior ::run [ RunTime:0.000000s ]
INFO: [ app_begin ] --END-- [ RunTime:0.000000s ]
SQL: SHOW COLUMNS FROM `user` [ RunTime:0.034200s ]
SQL: SELECT `userName` FROM `user` WHERE ( `userPhone` = '12345678900' ) LIMIT 1   [ RunTime:0.031200s ]
SQL: SHOW COLUMNS FROM `feedback` [ RunTime:0.046800s ]
SQL: INSERT INTO `feedback` (`feedbackOpenId`,`feedbackName`) VALUES ('12345678900','小一') [ RunTime:0.031200s ]

[ 2016-09-22T16:39:42+08:00 ] 0.0.0.0 /laundry/index.php/Home/addSuggest.html
INFO: [ app_begin ] --START--
INFO: ReadHtmlCache Behavior ::run [ RunTime:0.000000s ]
INFO: [ app_begin ] --END-- [ RunTime:0.000000s ]
SQL: SHOW COLUMNS FROM `user` [ RunTime:0.037601s ]
SQL: SELECT `userName` FROM `user` WHERE ( `userPhone` = '12345678900' ) LIMIT 1   [ RunTime:0.031200s ]
SQL: SHOW COLUMNS FROM `feedback` [ RunTime:0.031200s ]
SQL: INSERT INTO `feedback` (`feedbackContent`,`feedbackOpenId`,`feedbackName`) VALUES ('Array : ','12345678900','小一') [ RunTime:0.062400s ]

[ 2016-09-22T16:40:27+08:00 ] 0.0.0.0 /laundry/index.php/Home/addSuggest.html
INFO: [ app_begin ] --START--
INFO: ReadHtmlCache Behavior ::run [ RunTime:0.000000s ]
INFO: [ app_begin ] --END-- [ RunTime:0.000000s ]
SQL: SHOW COLUMNS FROM `user` [ RunTime:0.031201s ]
SQL: SELECT `userName` FROM `user` WHERE ( `userPhone` = '12345678900' ) LIMIT 1   [ RunTime:0.031200s ]
SQL: SHOW COLUMNS FROM `feedback` [ RunTime:0.031200s ]
SQL: INSERT INTO `feedback` (`feedbackContent`,`feedbackOpenId`,`feedbackName`) VALUES ('Array : ','12345678900','小一') [ RunTime:0.046800s ]

[ 2016-09-22T16:40:44+08:00 ] 0.0.0.0 /laundry/index.php/Home/addSuggest.html
INFO: [ app_begin ] --START--
INFO: ReadHtmlCache Behavior ::run [ RunTime:0.000000s ]
INFO: [ app_begin ] --END-- [ RunTime:0.001000s ]
SQL: SHOW COLUMNS FROM `user` [ RunTime:0.031200s ]
SQL: SELECT `userName` FROM `user` WHERE ( `userPhone` = '12345678900' ) LIMIT 1   [ RunTime:0.031201s ]
SQL: SHOW COLUMNS FROM `feedback` [ RunTime:0.031200s ]
SQL: INSERT INTO `feedback` (`feedbackContent`,`feedbackOpenId`,`feedbackName`) VALUES ('Array : ','12345678900','小一') [ RunTime:0.031200s ]

[ 2016-09-22T16:41:06+08:00 ] 0.0.0.0 /laundry/index.php/Home/addSuggest.html
INFO: [ app_begin ] --START--
INFO: ReadHtmlCache Behavior ::run [ RunTime:0.000000s ]
INFO: [ app_begin ] --END-- [ RunTime:0.000000s ]
SQL: SHOW COLUMNS FROM `user` [ RunTime:0.031200s ]
SQL: SELECT `userName` FROM `user` WHERE ( `userPhone` = '12345678900' ) LIMIT 1   [ RunTime:0.031200s ]
SQL: SHOW COLUMNS FROM `feedback` [ RunTime:0.031200s ]
SQL: INSERT INTO `feedback` (`feedbackContent`,`feedbackOpenId`,`feedbackName`) VALUES ('Array : ','12345678900','小一') [ RunTime:0.031200s ]

[ 2016-09-22T16:42:37+08:00 ] 0.0.0.0 /laundry/index.php/Home/addSuggest.html
INFO: [ app_begin ] --START--
INFO: ReadHtmlCache Behavior ::run [ RunTime:0.000000s ]
INFO: [ app_begin ] --END-- [ RunTime:0.000000s ]
SQL: SHOW COLUMNS FROM `user` [ RunTime:0.031200s ]
SQL: SELECT `userName` FROM `user` WHERE ( `userPhone` = '12345678900' ) LIMIT 1   [ RunTime:0.031201s ]
SQL: SHOW COLUMNS FROM `feedback` [ RunTime:0.031200s ]
SQL: INSERT INTO `feedback` (`feedbackContent`,`feedbackOpenId`,`feedbackName`) VALUES ('Array : ','12345678900','小一') [ RunTime:0.031200s ]

[ 2016-09-22T16:42:41+08:00 ] 0.0.0.0 /laundry/index.php/Home/addSuggest.html
INFO: [ app_begin ] --START--
INFO: ReadHtmlCache Behavior ::run [ RunTime:0.000000s ]
INFO: [ app_begin ] --END-- [ RunTime:0.000000s ]
SQL: SHOW COLUMNS FROM `user` [ RunTime:0.031200s ]
SQL: SELECT `userName` FROM `user` WHERE ( `userPhone` = '12345678900' ) LIMIT 1   [ RunTime:0.031200s ]
SQL: SHOW COLUMNS FROM `feedback` [ RunTime:0.031201s ]
SQL: INSERT INTO `feedback` (`feedbackContent`,`feedbackOpenId`,`feedbackName`) VALUES ('Array : ','12345678900','小一') [ RunTime:0.046800s ]

[ 2016-09-22T16:45:02+08:00 ] 0.0.0.0 /laundry/index.php/Home/addSuggest.html
INFO: [ app_begin ] --START--
INFO: ReadHtmlCache Behavior ::run [ RunTime:0.001000s ]
INFO: [ app_begin ] --END-- [ RunTime:0.001000s ]
SQL: SHOW COLUMNS FROM `user` [ RunTime:0.034002s ]
SQL: SELECT `userName` FROM `user` WHERE ( `userPhone` = '12345678900' ) LIMIT 1   [ RunTime:0.033002s ]
SQL: SHOW COLUMNS FROM `feedback` [ RunTime:0.034002s ]
SQL: INSERT INTO `feedback` (`feedbackContent`,`feedbackOpenId`,`feedbackName`) VALUES ('Array : ','12345678900','小一') [ RunTime:0.034002s ]

[ 2016-09-22T16:45:24+08:00 ] 0.0.0.0 /laundry/index.php/Home/addSuggest.html
INFO: [ app_begin ] --START--
INFO: ReadHtmlCache Behavior ::run [ RunTime:0.001000s ]
INFO: [ app_begin ] --END-- [ RunTime:0.001000s ]
SQL: SHOW COLUMNS FROM `user` [ RunTime:0.031200s ]
SQL: SELECT `userName` FROM `user` WHERE ( `userPhone` = '12345678900' ) LIMIT 1   [ RunTime:0.031200s ]
SQL: SHOW COLUMNS FROM `feedback` [ RunTime:0.031200s ]
SQL: INSERT INTO `feedback` (`feedbackContent`,`feedbackOpenId`,`feedbackName`) VALUES ('Array : ','12345678900','小一') [ RunTime:0.031200s ]

[ 2016-09-22T16:45:32+08:00 ] 0.0.0.0 /laundry/index.php/Home/addSuggest.html
INFO: [ app_begin ] --START--
INFO: ReadHtmlCache Behavior ::run [ RunTime:0.000000s ]
INFO: [ app_begin ] --END-- [ RunTime:0.000000s ]
SQL: SHOW COLUMNS FROM `user` [ RunTime:0.046800s ]
SQL: SELECT `userName` FROM `user` WHERE ( `userPhone` = '12345678900' ) LIMIT 1   [ RunTime:0.031200s ]
SQL: SHOW COLUMNS FROM `feedback` [ RunTime:0.031200s ]
SQL: INSERT INTO `feedback` (`feedbackContent`,`feedbackOpenId`,`feedbackName`) VALUES ('Array : ','12345678900','小一') [ RunTime:0.031200s ]

[ 2016-09-22T17:03:49+08:00 ] 0.0.0.0 /laundry/index.php/Home/addSuggest.html
INFO: [ app_begin ] --START--
INFO: ReadHtmlCache Behavior ::run [ RunTime:0.000000s ]
INFO: [ app_begin ] --END-- [ RunTime:0.000000s ]
SQL: SHOW COLUMNS FROM `user` [ RunTime:0.031200s ]
SQL: SELECT `userName` FROM `user` WHERE ( `userPhone` = '12345678900' ) LIMIT 1   [ RunTime:0.031200s ]
SQL: SHOW COLUMNS FROM `feedback` [ RunTime:0.046800s ]
SQL: INSERT INTO `feedback` (`feedbackContent`,`feedbackOpenId`,`feedbackName`) VALUES ('Array : ','12345678900','小一') [ RunTime:0.031200s ]

[ 2016-09-22T17:06:13+08:00 ] 0.0.0.0 /laundry/index.php/Home/addSuggest.html
INFO: [ app_begin ] --START--
INFO: ReadHtmlCache Behavior ::run [ RunTime:0.001000s ]
INFO: [ app_begin ] --END-- [ RunTime:0.001000s ]
SQL: SHOW COLUMNS FROM `user` [ RunTime:0.030001s ]
SQL: SELECT `userName` FROM `user` WHERE ( `userPhone` = '12345678900' ) LIMIT 1   [ RunTime:0.017601s ]
SQL: SHOW COLUMNS FROM `feedback` [ RunTime:0.031200s ]
SQL: INSERT INTO `feedback` (`feedbackContent`,`feedbackOpenId`,`feedbackName`) VALUES ('Array : ','12345678900','小一') [ RunTime:0.046800s ]

[ 2016-09-22T17:08:26+08:00 ] 0.0.0.0 /laundry/index.php/Home/addSuggest.html
INFO: [ app_begin ] --START--
INFO: ReadHtmlCache Behavior ::run [ RunTime:0.001000s ]
INFO: [ app_begin ] --END-- [ RunTime:0.001000s ]
SQL: SHOW COLUMNS FROM `user` [ RunTime:0.031200s ]
SQL: SELECT `userName` FROM `user` WHERE ( `userPhone` = '12345678900' ) LIMIT 1   [ RunTime:0.031200s ]
SQL: SHOW COLUMNS FROM `feedback` [ RunTime:0.031200s ]
SQL: INSERT INTO `feedback` (`feedbackContent`,`feedbackOpenId`,`feedbackName`) VALUES ('Array : ','12345678900','小一') [ RunTime:0.046800s ]

[ 2016-09-22T17:08:41+08:00 ] 0.0.0.0 /laundry/index.php/Home/addSuggest.html
INFO: [ app_begin ] --START--
INFO: ReadHtmlCache Behavior ::run [ RunTime:0.001000s ]
INFO: [ app_begin ] --END-- [ RunTime:0.001000s ]
SQL: SHOW COLUMNS FROM `user` [ RunTime:0.033002s ]
SQL: SELECT `userName` FROM `user` WHERE ( `userPhone` = '12345678900' ) LIMIT 1   [ RunTime:0.017600s ]
SQL: SHOW COLUMNS FROM `feedback` [ RunTime:0.047800s ]
SQL: INSERT INTO `feedback` (`feedbackContent`,`feedbackOpenId`,`feedbackName`) VALUES ('Array : ','12345678900','小一') [ RunTime:0.046800s ]

[ 2016-09-22T17:09:22+08:00 ] 0.0.0.0 /laundry/index.php/Home/addSuggest.html
INFO: [ app_begin ] --START--
INFO: ReadHtmlCache Behavior ::run [ RunTime:0.001000s ]
INFO: [ app_begin ] --END-- [ RunTime:0.001000s ]
SQL: SHOW COLUMNS FROM `user` [ RunTime:0.021001s ]
SQL: SELECT `userName` FROM `user` WHERE ( `userPhone` = '12345678900' ) LIMIT 1   [ RunTime:0.031200s ]
SQL: SHOW COLUMNS FROM `feedback` [ RunTime:0.031201s ]
SQL: INSERT INTO `feedback` (`feedbackContent`,`feedbackOpenId`,`feedbackName`) VALUES ('Array : ','12345678900','小一') [ RunTime:0.031200s ]

[ 2016-09-22T17:10:15+08:00 ] 0.0.0.0 /laundry/index.php/Home/addSuggest.html
INFO: [ app_begin ] --START--
INFO: ReadHtmlCache Behavior ::run [ RunTime:0.001000s ]
INFO: [ app_begin ] --END-- [ RunTime:0.001000s ]
SQL: SHOW COLUMNS FROM `user` [ RunTime:0.020001s ]
SQL: SELECT `userName` FROM `user` WHERE ( `userPhone` = '12345678900' ) LIMIT 1   [ RunTime:0.031200s ]
SQL: SHOW COLUMNS FROM `feedback` [ RunTime:0.046800s ]
SQL: INSERT INTO `feedback` (`feedbackContent`,`feedbackOpenId`,`feedbackName`) VALUES ('Array : ','12345678900','小一') [ RunTime:0.031200s ]

[ 2016-09-22T17:11:07+08:00 ] 0.0.0.0 /laundry/index.php/Home/addSuggest.html
INFO: [ app_begin ] --START--
INFO: ReadHtmlCache Behavior ::run [ RunTime:0.001000s ]
INFO: [ app_begin ] --END-- [ RunTime:0.001000s ]
SQL: SHOW COLUMNS FROM `user` [ RunTime:0.033002s ]
SQL: SELECT `userName` FROM `user` WHERE ( `userPhone` = '12345678900' ) LIMIT 1   [ RunTime:0.018600s ]
SQL: SHOW COLUMNS FROM `feedback` [ RunTime:0.031200s ]
SQL: INSERT INTO `feedback` (`feedbackContent`,`feedbackOpenId`,`feedbackName`) VALUES ('Array : ','12345678900','小一') [ RunTime:0.046800s ]

[ 2016-09-22T17:14:34+08:00 ] 0.0.0.0 /laundry/index.php/Home/addSuggest.html
INFO: [ app_begin ] --START--
INFO: ReadHtmlCache Behavior ::run [ RunTime:0.000000s ]
INFO: [ app_begin ] --END-- [ RunTime:0.000000s ]
SQL: SHOW COLUMNS FROM `user` [ RunTime:0.019001s ]
SQL: SELECT `userName` FROM `user` WHERE ( `userPhone` = '12345678900' ) LIMIT 1   [ RunTime:0.031200s ]
SQL: SHOW COLUMNS FROM `feedback` [ RunTime:0.046800s ]
SQL: INSERT INTO `feedback` (`feedbackContent`,`feedbackOpenId`,`feedbackName`) VALUES ('Array : ','12345678900','小一') [ RunTime:0.031200s ]

[ 2016-09-22T17:15:43+08:00 ] 0.0.0.0 /laundry/index.php/Home/addSuggest.html
INFO: [ app_begin ] --START--
INFO: ReadHtmlCache Behavior ::run [ RunTime:0.000000s ]
INFO: [ app_begin ] --END-- [ RunTime:0.000000s ]
SQL: SHOW COLUMNS FROM `user` [ RunTime:0.035601s ]
SQL: SELECT `userName` FROM `user` WHERE ( `userPhone` = '12345678900' ) LIMIT 1   [ RunTime:0.018600s ]
SQL: SHOW COLUMNS FROM `feedback` [ RunTime:0.046800s ]
SQL: INSERT INTO `feedback` (`feedbackContent`,`feedbackOpenId`,`feedbackName`) VALUES ('Array : ','12345678900','小一') [ RunTime:0.031200s ]

[ 2016-09-22T17:16:46+08:00 ] 0.0.0.0 /laundry/index.php/Home/addSuggest.html
INFO: [ app_begin ] --START--
INFO: ReadHtmlCache Behavior ::run [ RunTime:0.001000s ]
INFO: [ app_begin ] --END-- [ RunTime:0.001000s ]

[ 2016-09-22T17:18:39+08:00 ] 0.0.0.0 /laundry/index.php/Home/addSuggest.html
INFO: [ app_begin ] --START--
INFO: ReadHtmlCache Behavior ::run [ RunTime:0.001000s ]
INFO: [ app_begin ] --END-- [ RunTime:0.001000s ]

[ 2016-09-22T17:20:21+08:00 ] 0.0.0.0 /laundry/index.php/Home/addSuggest.html
INFO: [ app_begin ] --START--
INFO: ReadHtmlCache Behavior ::run [ RunTime:0.001000s ]
INFO: [ app_begin ] --END-- [ RunTime:0.001000s ]

[ 2016-09-22T17:21:14+08:00 ] 0.0.0.0 /laundry/index.php/Home/addSuggest.html
INFO: [ app_begin ] --START--
INFO: ReadHtmlCache Behavior ::run [ RunTime:0.001000s ]
INFO: [ app_begin ] --END-- [ RunTime:0.001000s ]

[ 2016-09-22T17:22:01+08:00 ] 0.0.0.0 /laundry/index.php/Home/addSuggest.html
INFO: [ app_begin ] --START--
INFO: ReadHtmlCache Behavior ::run [ RunTime:0.001000s ]
INFO: [ app_begin ] --END-- [ RunTime:0.002000s ]

[ 2016-09-22T17:22:12+08:00 ] 0.0.0.0 /laundry/index.php/Home/addSuggest.html
INFO: [ app_begin ] --START--
INFO: ReadHtmlCache Behavior ::run [ RunTime:0.000000s ]
INFO: [ app_begin ] --END-- [ RunTime:0.000000s ]

[ 2016-09-22T17:22:35+08:00 ] 0.0.0.0 /laundry/index.php/Home/addSuggest.html
INFO: [ app_begin ] --START--
INFO: ReadHtmlCache Behavior ::run [ RunTime:0.000000s ]
INFO: [ app_begin ] --END-- [ RunTime:0.000000s ]

[ 2016-09-22T17:23:31+08:00 ] 0.0.0.0 /laundry/index.php/Home/addSuggest.html
INFO: [ app_begin ] --START--
INFO: ReadHtmlCache Behavior ::run [ RunTime:0.000000s ]
INFO: [ app_begin ] --END-- [ RunTime:0.000000s ]

[ 2016-09-22T17:24:24+08:00 ] 0.0.0.0 /laundry/index.php/Home/addSuggest.html
INFO: [ app_begin ] --START--
INFO: ReadHtmlCache Behavior ::run [ RunTime:0.000000s ]
INFO: [ app_begin ] --END-- [ RunTime:0.000000s ]

[ 2016-09-22T17:25:04+08:00 ] 0.0.0.0 /laundry/index.php/Home/addSuggest.html
INFO: [ app_begin ] --START--
INFO: ReadHtmlCache Behavior ::run [ RunTime:0.001000s ]
INFO: [ app_begin ] --END-- [ RunTime:0.001000s ]

[ 2016-09-22T17:25:41+08:00 ] 0.0.0.0 /laundry/index.php/Home/addSuggest.html
INFO: [ app_begin ] --START--
INFO: ReadHtmlCache Behavior ::run [ RunTime:0.000000s ]
INFO: [ app_begin ] --END-- [ RunTime:0.000000s ]

[ 2016-09-22T17:25:58+08:00 ] 0.0.0.0 /laundry/index.php/Home/addSuggest.html
INFO: [ app_begin ] --START--
INFO: ReadHtmlCache Behavior ::run [ RunTime:0.001000s ]
INFO: [ app_begin ] --END-- [ RunTime:0.001000s ]

[ 2016-09-22T17:26:31+08:00 ] 0.0.0.0 /laundry/index.php/Home/addSuggest.html
INFO: [ app_begin ] --START--
INFO: ReadHtmlCache Behavior ::run [ RunTime:0.000000s ]
INFO: [ app_begin ] --END-- [ RunTime:0.000000s ]

[ 2016-09-22T17:34:59+08:00 ] 0.0.0.0 /laundry/index.php/Home/addSuggest.html
INFO: [ app_begin ] --START--
INFO: ReadHtmlCache Behavior ::run [ RunTime:0.000000s ]
INFO: [ app_begin ] --END-- [ RunTime:0.000000s ]

[ 2016-09-22T17:35:56+08:00 ] 0.0.0.0 /laundry/index.php/Home/addSuggest.html
INFO: [ app_begin ] --START--
INFO: ReadHtmlCache Behavior ::run [ RunTime:0.000000s ]
INFO: [ app_begin ] --END-- [ RunTime:0.000000s ]

[ 2016-09-22T17:36:34+08:00 ] 0.0.0.0 /laundry/index.php/Home/addSuggest.html
INFO: [ app_begin ] --START--
INFO: ReadHtmlCache Behavior ::run [ RunTime:0.000000s ]
INFO: [ app_begin ] --END-- [ RunTime:0.000000s ]

[ 2016-09-22T17:37:01+08:00 ] 0.0.0.0 /laundry/index.php/Home/addSuggest.html
INFO: [ app_begin ] --START--
INFO: ReadHtmlCache Behavior ::run [ RunTime:0.001000s ]
INFO: [ app_begin ] --END-- [ RunTime:0.001000s ]

[ 2016-09-22T17:37:43+08:00 ] 0.0.0.0 /laundry/index.php/Home/addSuggest.html
INFO: [ app_begin ] --START--
INFO: ReadHtmlCache Behavior ::run [ RunTime:0.001000s ]
INFO: [ app_begin ] --END-- [ RunTime:0.001000s ]

[ 2016-09-22T17:38:13+08:00 ] 0.0.0.0 /laundry/index.php/Home/addSuggest.html
INFO: [ app_begin ] --START--
INFO: ReadHtmlCache Behavior ::run [ RunTime:0.001000s ]
INFO: [ app_begin ] --END-- [ RunTime:0.001000s ]

[ 2016-09-22T17:38:35+08:00 ] 0.0.0.0 /laundry/index.php/Home/addSuggest.html
INFO: [ app_begin ] --START--
INFO: ReadHtmlCache Behavior ::run [ RunTime:0.001000s ]
INFO: [ app_begin ] --END-- [ RunTime:0.001000s ]

[ 2016-09-22T17:38:36+08:00 ] 0.0.0.0 /laundry/index.php/Home/addSuggest.html
INFO: [ app_begin ] --START--
INFO: ReadHtmlCache Behavior ::run [ RunTime:0.000000s ]
INFO: [ app_begin ] --END-- [ RunTime:0.000000s ]

[ 2016-09-22T17:38:37+08:00 ] 0.0.0.0 /laundry/index.php/Home/addSuggest.html
INFO: [ app_begin ] --START--
INFO: ReadHtmlCache Behavior ::run [ RunTime:0.000000s ]
INFO: [ app_begin ] --END-- [ RunTime:0.000000s ]

[ 2016-09-22T17:39:18+08:00 ] 0.0.0.0 /laundry/index.php/Home/addSuggest.html
INFO: [ app_begin ] --START--
INFO: ReadHtmlCache Behavior ::run [ RunTime:0.001001s ]
INFO: [ app_begin ] --END-- [ RunTime:0.001001s ]

[ 2016-09-22T17:39:35+08:00 ] 0.0.0.0 /laundry/index.php/Home/addSuggest.html
INFO: [ app_begin ] --START--
INFO: ReadHtmlCache Behavior ::run [ RunTime:0.001000s ]
INFO: [ app_begin ] --END-- [ RunTime:0.001000s ]

[ 2016-09-22T17:41:14+08:00 ] 0.0.0.0 /laundry/index.php/Home/addSuggest.html
INFO: [ app_begin ] --START--
INFO: ReadHtmlCache Behavior ::run [ RunTime:0.001000s ]
INFO: [ app_begin ] --END-- [ RunTime:0.001000s ]

[ 2016-09-22T17:41:44+08:00 ] 0.0.0.0 /laundry/index.php/Home/addSuggest.html
INFO: [ app_begin ] --START--
INFO: ReadHtmlCache Behavior ::run [ RunTime:0.000000s ]
INFO: [ app_begin ] --END-- [ RunTime:0.001001s ]

[ 2016-09-22T17:42:13+08:00 ] 0.0.0.0 /laundry/index.php/Home/addSuggest.html
INFO: [ app_begin ] --START--
INFO: ReadHtmlCache Behavior ::run [ RunTime:0.000000s ]
INFO: [ app_begin ] --END-- [ RunTime:0.000000s ]

[ 2016-09-22T17:43:56+08:00 ] 0.0.0.0 /laundry/index.php/Home/addSuggest.html
INFO: [ app_begin ] --START--
INFO: ReadHtmlCache Behavior ::run [ RunTime:0.000000s ]
INFO: [ app_begin ] --END-- [ RunTime:0.000000s ]

[ 2016-09-22T17:44:39+08:00 ] 0.0.0.0 /laundry/index.php/Home/addSuggest.html
INFO: [ app_begin ] --START--
INFO: ReadHtmlCache Behavior ::run [ RunTime:0.001000s ]
INFO: [ app_begin ] --END-- [ RunTime:0.001000s ]

[ 2016-09-22T17:45:45+08:00 ] 0.0.0.0 /laundry/index.php/Home/addSuggest.html
INFO: [ app_begin ] --START--
INFO: ReadHtmlCache Behavior ::run [ RunTime:0.001000s ]
INFO: [ app_begin ] --END-- [ RunTime:0.001000s ]

[ 2016-09-22T17:47:41+08:00 ] 0.0.0.0 /laundry/index.php/Home/addSuggest.html
INFO: [ app_begin ] --START--
INFO: ReadHtmlCache Behavior ::run [ RunTime:0.001000s ]
INFO: [ app_begin ] --END-- [ RunTime:0.001000s ]

[ 2016-09-22T17:49:37+08:00 ] 0.0.0.0 /laundry/index.php/Home/addSuggest.html
INFO: [ app_begin ] --START--
INFO: ReadHtmlCache Behavior ::run [ RunTime:0.001000s ]
INFO: [ app_begin ] --END-- [ RunTime:0.001000s ]

[ 2016-09-22T17:52:14+08:00 ] 0.0.0.0 /laundry/index.php/Home/addSuggest.html
INFO: [ app_begin ] --START--
INFO: ReadHtmlCache Behavior ::run [ RunTime:0.000000s ]
INFO: [ app_begin ] --END-- [ RunTime:0.000000s ]
SQL: SHOW COLUMNS FROM `user` [ RunTime:0.033002s ]
SQL: SELECT `userName` FROM `user` WHERE ( `userPhone` = '12345678900' ) LIMIT 1   [ RunTime:0.031002s ]
SQL: SHOW COLUMNS FROM `feedback` [ RunTime:0.033002s ]
SQL: INSERT INTO `feedback` (`feedbackContent`,`feedbackOpenId`,`feedbackName`) VALUES ('Array : 1231','12345678900','小一') [ RunTime:0.033001s ]

[ 2016-09-22T17:55:57+08:00 ] 0.0.0.0 /laundry/index.php/Home/addSuggest.html
INFO: [ app_begin ] --START--
INFO: ReadHtmlCache Behavior ::run [ RunTime:0.001000s ]
INFO: [ app_begin ] --END-- [ RunTime:0.001000s ]

[ 2016-09-22T17:55:59+08:00 ] 0.0.0.0 /laundry/index.php/Home/addSuggest.html
INFO: [ app_begin ] --START--
INFO: ReadHtmlCache Behavior ::run [ RunTime:0.000000s ]
INFO: [ app_begin ] --END-- [ RunTime:0.000000s ]

[ 2016-09-22T17:56:01+08:00 ] 0.0.0.0 /laundry/index.php/Home/addSuggest.html
INFO: [ app_begin ] --START--
INFO: ReadHtmlCache Behavior ::run [ RunTime:0.000000s ]
INFO: [ app_begin ] --END-- [ RunTime:0.001000s ]

[ 2016-09-22T17:56:01+08:00 ] 0.0.0.0 /laundry/index.php/Home/addSuggest.html
INFO: [ app_begin ] --START--
INFO: ReadHtmlCache Behavior ::run [ RunTime:0.000000s ]
INFO: [ app_begin ] --END-- [ RunTime:0.000000s ]

[ 2016-09-22T17:56:01+08:00 ] 0.0.0.0 /laundry/index.php/Home/addSuggest.html
INFO: [ app_begin ] --START--
INFO: ReadHtmlCache Behavior ::run [ RunTime:0.000000s ]
INFO: [ app_begin ] --END-- [ RunTime:0.000000s ]

[ 2016-09-22T17:56:02+08:00 ] 0.0.0.0 /laundry/index.php/Home/addSuggest.html
INFO: [ app_begin ] --START--
INFO: ReadHtmlCache Behavior ::run [ RunTime:0.001000s ]
INFO: [ app_begin ] --END-- [ RunTime:0.001000s ]

[ 2016-09-22T18:02:12+08:00 ] 0.0.0.0 /laundry/index.php/Home/addSuggest.html
INFO: [ app_begin ] --START--
INFO: ReadHtmlCache Behavior ::run [ RunTime:0.002000s ]
INFO: [ app_begin ] --END-- [ RunTime:0.002000s ]

[ 2016-09-22T18:07:35+08:00 ] 0.0.0.0 /laundry/index.php/Home/addSuggest.html
INFO: [ app_begin ] --START--
INFO: ReadHtmlCache Behavior ::run [ RunTime:0.000000s ]
INFO: [ app_begin ] --END-- [ RunTime:0.000000s ]

[ 2016-09-22T18:09:40+08:00 ] 0.0.0.0 /laundry/index.php/Home/addSuggest.html
INFO: [ app_begin ] --START--
INFO: ReadHtmlCache Behavior ::run [ RunTime:0.001000s ]
INFO: [ app_begin ] --END-- [ RunTime:0.001000s ]

[ 2016-09-22T18:09:51+08:00 ] 0.0.0.0 /laundry/index.php/Home/addSuggest.html
INFO: [ app_begin ] --START--
INFO: ReadHtmlCache Behavior ::run [ RunTime:0.000000s ]
INFO: [ app_begin ] --END-- [ RunTime:0.000000s ]

[ 2016-09-22T18:11:12+08:00 ] 0.0.0.0 /laundry/index.php/Home/addSuggest.html
INFO: [ app_begin ] --START--
INFO: ReadHtmlCache Behavior ::run [ RunTime:0.001000s ]
INFO: [ app_begin ] --END-- [ RunTime:0.001000s ]

[ 2016-09-22T18:11:50+08:00 ] 0.0.0.0 /laundry/index.php/Home/addSuggest.html
INFO: [ app_begin ] --START--
INFO: ReadHtmlCache Behavior ::run [ RunTime:0.001000s ]
INFO: [ app_begin ] --END-- [ RunTime:0.001000s ]

[ 2016-09-22T18:15:16+08:00 ] 0.0.0.0 /laundry/index.php/Home/addSuggest.html
INFO: [ app_begin ] --START--
INFO: ReadHtmlCache Behavior ::run [ RunTime:0.000000s ]
INFO: [ app_begin ] --END-- [ RunTime:0.000000s ]

[ 2016-09-22T18:23:29+08:00 ] 0.0.0.0 /laundry/index.php/Home/addSuggest.html
INFO: [ app_begin ] --START--
INFO: ReadHtmlCache Behavior ::run [ RunTime:0.000000s ]
INFO: [ app_begin ] --END-- [ RunTime:0.000000s ]

[ 2016-09-22T18:24:01+08:00 ] 0.0.0.0 /laundry/index.php/Home/addSuggest.html
INFO: [ app_begin ] --START--
INFO: ReadHtmlCache Behavior ::run [ RunTime:0.001000s ]
INFO: [ app_begin ] --END-- [ RunTime:0.001000s ]

[ 2016-09-22T18:24:19+08:00 ] 0.0.0.0 /laundry/index.php/Home/addSuggest.html
INFO: [ app_begin ] --START--
INFO: ReadHtmlCache Behavior ::run [ RunTime:0.000000s ]
INFO: [ app_begin ] --END-- [ RunTime:0.000000s ]

[ 2016-09-22T18:25:01+08:00 ] 0.0.0.0 /laundry/index.php/Home/addSuggest.html
INFO: [ app_begin ] --START--
INFO: ReadHtmlCache Behavior ::run [ RunTime:0.000000s ]
INFO: [ app_begin ] --END-- [ RunTime:0.000000s ]

[ 2016-09-22T18:25:20+08:00 ] 0.0.0.0 /laundry/index.php/Home/addSuggest.html
INFO: [ app_begin ] --START--
INFO: ReadHtmlCache Behavior ::run [ RunTime:0.000000s ]
INFO: [ app_begin ] --END-- [ RunTime:0.000000s ]

[ 2016-09-22T18:26:28+08:00 ] 0.0.0.0 /laundry/index.php/Home/addSuggest.html
INFO: [ app_begin ] --START--
INFO: ReadHtmlCache Behavior ::run [ RunTime:0.001000s ]
INFO: [ app_begin ] --END-- [ RunTime:0.001000s ]

[ 2016-09-22T18:28:27+08:00 ] 0.0.0.0 /laundry/index.php/Home/addSuggest.html
INFO: [ app_begin ] --START--
INFO: ReadHtmlCache Behavior ::run [ RunTime:0.000000s ]
INFO: [ app_begin ] --END-- [ RunTime:0.000000s ]

[ 2016-09-22T18:31:22+08:00 ] 0.0.0.0 /laundry/index.php/Home/addSuggest.html
INFO: [ app_begin ] --START--
INFO: ReadHtmlCache Behavior ::run [ RunTime:0.000000s ]
INFO: [ app_begin ] --END-- [ RunTime:0.000000s ]

[ 2016-09-22T18:32:15+08:00 ] 0.0.0.0 /laundry/index.php/Home/addSuggest.html
INFO: [ app_begin ] --START--
INFO: ReadHtmlCache Behavior ::run [ RunTime:0.001000s ]
INFO: [ app_begin ] --END-- [ RunTime:0.001000s ]

[ 2016-09-22T18:33:23+08:00 ] 0.0.0.0 /laundry/index.php/Home/addSuggest.html
INFO: [ app_begin ] --START--
INFO: ReadHtmlCache Behavior ::run [ RunTime:0.001000s ]
INFO: [ app_begin ] --END-- [ RunTime:0.001000s ]

[ 2016-09-22T18:34:57+08:00 ] 0.0.0.0 /laundry/index.php/Home/addSuggest.html
INFO: [ app_begin ] --START--
INFO: ReadHtmlCache Behavior ::run [ RunTime:0.000000s ]
INFO: [ app_begin ] --END-- [ RunTime:0.000000s ]

[ 2016-09-22T18:35:06+08:00 ] 0.0.0.0 /laundry/index.php/Home/addSuggest.html
INFO: [ app_begin ] --START--
INFO: ReadHtmlCache Behavior ::run [ RunTime:0.001000s ]
INFO: [ app_begin ] --END-- [ RunTime:0.001000s ]

[ 2016-09-22T18:37:12+08:00 ] 0.0.0.0 /laundry/index.php/Home/addSuggest.html
INFO: [ app_begin ] --START--
INFO: ReadHtmlCache Behavior ::run [ RunTime:0.001000s ]
INFO: [ app_begin ] --END-- [ RunTime:0.001000s ]
SQL: SHOW COLUMNS FROM `user` [ RunTime:0.054602s ]
SQL: SELECT `userName` FROM `user` WHERE ( `userPhone` = '12345678900' ) LIMIT 1   [ RunTime:0.031200s ]
SQL: SHOW COLUMNS FROM `feedback` [ RunTime:0.031200s ]
SQL: INSERT INTO `feedback` (`feedbackContent`,`feedbackOpenId`,`feedbackName`) VALUES ('洗护质量 + 服务态度 + 物流速度 + 其他 : 123123','12345678900','小一') [ RunTime:0.031200s ]

[ 2016-09-22T18:38:13+08:00 ] 0.0.0.0 /laundry/index.php/Home/addSuggest.html
INFO: [ app_begin ] --START--
INFO: ReadHtmlCache Behavior ::run [ RunTime:0.000000s ]
INFO: [ app_begin ] --END-- [ RunTime:0.000000s ]
SQL: SHOW COLUMNS FROM `user` [ RunTime:0.033002s ]
SQL: SELECT `userName` FROM `user` WHERE ( `userPhone` = '12345678900' ) LIMIT 1   [ RunTime:0.028601s ]
SQL: SHOW COLUMNS FROM `feedback` [ RunTime:0.031200s ]
SQL: INSERT INTO `feedback` (`feedbackContent`,`feedbackOpenId`,`feedbackName`) VALUES ('洗护质量 + 服务态度 + 物流速度 + 其他 : 12313','12345678900','小一') [ RunTime:0.031200s ]

[ 2016-09-22T18:38:55+08:00 ] 0.0.0.0 /laundry/index.php/Home/addSuggest.html
INFO: [ app_begin ] --START--
INFO: ReadHtmlCache Behavior ::run [ RunTime:0.000000s ]
INFO: [ app_begin ] --END-- [ RunTime:0.000000s ]
SQL: SHOW COLUMNS FROM `user` [ RunTime:0.034601s ]
SQL: SELECT `userName` FROM `user` WHERE ( `userPhone` = '12345678900' ) LIMIT 1   [ RunTime:0.018001s ]
SQL: SHOW COLUMNS FROM `feedback` [ RunTime:0.031200s ]
SQL: INSERT INTO `feedback` (`feedbackContent`,`feedbackOpenId`,`feedbackName`) VALUES ('洗护质量 + 服务态度 + 物流速度 + 付款流程 + 其他 : 2321321','12345678900','小一') [ RunTime:0.046801s ]

[ 2016-09-22T18:39:40+08:00 ] 0.0.0.0 /laundry/index.php/Home/addSuggest.html
INFO: [ app_begin ] --START--
INFO: ReadHtmlCache Behavior ::run [ RunTime:0.000000s ]
INFO: [ app_begin ] --END-- [ RunTime:0.000000s ]
SQL: SHOW COLUMNS FROM `user` [ RunTime:0.039601s ]
SQL: SELECT `userName` FROM `user` WHERE ( `userPhone` = '12345678900' ) LIMIT 1   [ RunTime:0.031200s ]
SQL: SHOW COLUMNS FROM `feedback` [ RunTime:0.031200s ]
SQL: INSERT INTO `feedback` (`feedbackContent`,`feedbackOpenId`,`feedbackName`) VALUES ('洗护质量 + 产品易用性 + 其他 : 我要投诉！！！','12345678900','小一') [ RunTime:0.031200s ]

[ 2016-09-22T18:40:55+08:00 ] 0.0.0.0 /laundry/index.php/Home/addSuggest.html
INFO: [ app_begin ] --START--
INFO: ReadHtmlCache Behavior ::run [ RunTime:0.000000s ]
INFO: [ app_begin ] --END-- [ RunTime:0.000000s ]
SQL: SHOW COLUMNS FROM `user` [ RunTime:0.025601s ]
SQL: SELECT `userName` FROM `user` WHERE ( `userPhone` = '12345678900' ) LIMIT 1   [ RunTime:0.031200s ]
SQL: SHOW COLUMNS FROM `feedback` [ RunTime:0.031200s ]
SQL: INSERT INTO `feedback` (`feedbackContent`,`feedbackOpenId`,`feedbackName`) VALUES (' + 服务态度 + 付款流程 + 其他 : 我要上头条！！！','12345678900','小一') [ RunTime:0.031200s ]

[ 2016-09-22T18:47:12+08:00 ] 0.0.0.0 /laundry/index.php/Home/addressDelete.html
INFO: [ app_begin ] --START--
INFO: ReadHtmlCache Behavior ::run [ RunTime:0.000000s ]
INFO: [ app_begin ] --END-- [ RunTime:0.000000s ]
NOTIC: [2] Missing argument 1 for I(), called in D:\xampp\htdocs\laundry\APP\Modules\Index\Action\HomeAction.class.php on line 84 and defined D:\xampp\htdocs\laundry\ThinkPHP\Common\common.php 第 71 行.
NOTIC: [8] Undefined variable: name D:\xampp\htdocs\laundry\ThinkPHP\Common\common.php 第 72 行.
NOTIC: [8] Use of undefined constant addressDetail - assumed 'addressDetail' D:\xampp\htdocs\laundry\APP\Modules\Index\Action\HomeAction.class.php 第 86 行.

[ 2016-09-22T18:47:16+08:00 ] 0.0.0.0 /laundry/index.php/Home/addressDelete.html
INFO: [ app_begin ] --START--
INFO: ReadHtmlCache Behavior ::run [ RunTime:0.000000s ]
INFO: [ app_begin ] --END-- [ RunTime:0.000000s ]
NOTIC: [2] Missing argument 1 for I(), called in D:\xampp\htdocs\laundry\APP\Modules\Index\Action\HomeAction.class.php on line 84 and defined D:\xampp\htdocs\laundry\ThinkPHP\Common\common.php 第 71 行.
NOTIC: [8] Undefined variable: name D:\xampp\htdocs\laundry\ThinkPHP\Common\common.php 第 72 行.
NOTIC: [8] Use of undefined constant addressDetail - assumed 'addressDetail' D:\xampp\htdocs\laundry\APP\Modules\Index\Action\HomeAction.class.php 第 86 行.

[ 2016-09-22T18:47:31+08:00 ] 0.0.0.0 /laundry/index.php/Home/addressDelete.html
INFO: [ app_begin ] --START--
INFO: ReadHtmlCache Behavior ::run [ RunTime:0.000000s ]
INFO: [ app_begin ] --END-- [ RunTime:0.000000s ]
NOTIC: [2] Missing argument 1 for I(), called in D:\xampp\htdocs\laundry\APP\Modules\Index\Action\HomeAction.class.php on line 84 and defined D:\xampp\htdocs\laundry\ThinkPHP\Common\common.php 第 71 行.
NOTIC: [8] Undefined variable: name D:\xampp\htdocs\laundry\ThinkPHP\Common\common.php 第 72 行.
NOTIC: [8] Use of undefined constant addressDetail - assumed 'addressDetail' D:\xampp\htdocs\laundry\APP\Modules\Index\Action\HomeAction.class.php 第 86 行.

[ 2016-09-22T18:58:01+08:00 ] 0.0.0.0 /laundry/index.php/Home/addressDelete.html
INFO: [ app_begin ] --START--
INFO: ReadHtmlCache Behavior ::run [ RunTime:0.000000s ]
INFO: [ app_begin ] --END-- [ RunTime:0.000000s ]

[ 2016-09-22T18:58:20+08:00 ] 0.0.0.0 /laundry/index.php/Home/addressDelete.html
INFO: [ app_begin ] --START--
INFO: ReadHtmlCache Behavior ::run [ RunTime:0.000000s ]
INFO: [ app_begin ] --END-- [ RunTime:0.000000s ]
SQL: SHOW COLUMNS FROM `address` [ RunTime:0.040601s ]
SQL: UPDATE `address` SET `addressDelete`=2 WHERE ( `addressId` = 1 ) [ RunTime:0.036201s ]

[ 2016-09-22T18:59:01+08:00 ] 0.0.0.0 /laundry/index.php/Home/addressDelete.html
INFO: [ app_begin ] --START--
INFO: ReadHtmlCache Behavior ::run [ RunTime:0.000000s ]
INFO: [ app_begin ] --END-- [ RunTime:0.000000s ]
SQL: SHOW COLUMNS FROM `address` [ RunTime:0.035601s ]
SQL: UPDATE `address` SET `addressDelete`=2 WHERE ( `addressId` = 1 ) [ RunTime:0.035601s ]

[ 2016-09-22T18:59:07+08:00 ] 0.0.0.0 /laundry/index.php/Home/addressDelete.html
INFO: [ app_begin ] --START--
INFO: ReadHtmlCache Behavior ::run [ RunTime:0.000000s ]
INFO: [ app_begin ] --END-- [ RunTime:0.000000s ]
SQL: SHOW COLUMNS FROM `address` [ RunTime:0.033002s ]
SQL: UPDATE `address` SET `addressDelete`=2 WHERE ( `addressId` = 1 ) [ RunTime:0.036601s ]

[ 2016-09-22T19:00:40+08:00 ] 0.0.0.0 /laundry/index.php/Home/addressDelete.html
INFO: [ app_begin ] --START--
INFO: ReadHtmlCache Behavior ::run [ RunTime:0.000000s ]
INFO: [ app_begin ] --END-- [ RunTime:0.000000s ]
SQL: SHOW COLUMNS FROM `address` [ RunTime:0.045201s ]
SQL: UPDATE `address` SET `addressDelete`=2 WHERE ( `addressId` = 1 ) [ RunTime:0.030002s ]

[ 2016-09-22T19:01:34+08:00 ] 0.0.0.0 /laundry/index.php/Home/addressDelete.html
INFO: [ app_begin ] --START--
INFO: ReadHtmlCache Behavior ::run [ RunTime:0.000000s ]
INFO: [ app_begin ] --END-- [ RunTime:0.000000s ]
SQL: SHOW COLUMNS FROM `address` [ RunTime:0.040602s ]
SQL: UPDATE `address` SET `addressDelete`=2 WHERE ( `addressId` = 1 ) [ RunTime:0.031200s ]

[ 2016-09-22T19:01:37+08:00 ] 0.0.0.0 /laundry/index.php/Home/addressDelete.html
INFO: [ app_begin ] --START--
INFO: ReadHtmlCache Behavior ::run [ RunTime:0.000000s ]
INFO: [ app_begin ] --END-- [ RunTime:0.000000s ]
SQL: SHOW COLUMNS FROM `address` [ RunTime:0.034200s ]
SQL: UPDATE `address` SET `addressDelete`=2 WHERE ( `addressId` = 1 ) [ RunTime:0.031200s ]

[ 2016-09-22T19:01:41+08:00 ] 0.0.0.0 /laundry/index.php/Home/addressDelete.html
INFO: [ app_begin ] --START--
INFO: ReadHtmlCache Behavior ::run [ RunTime:0.000000s ]
INFO: [ app_begin ] --END-- [ RunTime:0.000000s ]
SQL: SHOW COLUMNS FROM `address` [ RunTime:0.021001s ]
SQL: UPDATE `address` SET `addressDelete`=2 WHERE ( `addressId` = 3 ) [ RunTime:0.046800s ]

[ 2016-09-22T19:07:01+08:00 ] 0.0.0.0 /laundry/index.php/Home/addressDelete.html
INFO: [ app_begin ] --START--
INFO: ReadHtmlCache Behavior ::run [ RunTime:0.000000s ]
INFO: [ app_begin ] --END-- [ RunTime:0.000000s ]
SQL: SHOW COLUMNS FROM `address` [ RunTime:0.043602s ]
SQL: UPDATE `address` SET `addressDelete`=2 WHERE ( `addressId` = 3 ) [ RunTime:0.031200s ]

[ 2016-09-22T20:49:11+08:00 ] 0.0.0.0 /laundry/index.php/Home/addressDelete.html
INFO: [ app_begin ] --START--
INFO: ReadHtmlCache Behavior ::run [ RunTime:0.001000s ]
INFO: [ app_begin ] --END-- [ RunTime:0.001000s ]
SQL: SHOW COLUMNS FROM `address` [ RunTime:0.042601s ]
SQL: UPDATE `address` SET `addressDelete`=2 WHERE ( `addressId` = 5 ) [ RunTime:0.019001s ]

[ 2016-09-22T22:13:07+08:00 ] 0.0.0.0 /laundry/index.php/Home/addressDelete.html
INFO: [ app_begin ] --START--
INFO: ReadHtmlCache Behavior ::run [ RunTime:0.000000s ]
INFO: [ app_begin ] --END-- [ RunTime:0.000000s ]
NOTIC: [2] mysql_connect() [<a href='function.mysql-connect'>function.mysql-connect</a>]: [2002] ӷһʱûȷ𸴻ӵûзӦӳʧܡ
 (trying to connect via tcp://115.159.99.241:3306) D:\xampp\htdocs\laundry\ThinkPHP\Lib\Driver\Db\DbMysql.class.php 第 55 行.
NOTIC: [2] mysql_connect() [<a href='function.mysql-connect'>function.mysql-connect</a>]: ӷһʱûȷ𸴻ӵûзӦӳʧܡ
 D:\xampp\htdocs\laundry\ThinkPHP\Lib\Driver\Db\DbMysql.class.php 第 55 行.
ERR: ӷһʱûȷ𸴻ӵûзӦӳʧܡ


[ 2016-09-22T22:13:28+08:00 ] 0.0.0.0 /laundry/index.php/Home/addressDelete.html
INFO: [ app_begin ] --START--
INFO: ReadHtmlCache Behavior ::run [ RunTime:0.000000s ]
INFO: [ app_begin ] --END-- [ RunTime:0.000000s ]

[ 2016-09-22T22:18:28+08:00 ] 0.0.0.0 /laundry/index.php/Home/addressDelete.html
INFO: [ app_begin ] --START--
INFO: ReadHtmlCache Behavior ::run [ RunTime:0.001000s ]
INFO: [ app_begin ] --END-- [ RunTime:0.001000s ]
SQL: SHOW COLUMNS FROM `address` [ RunTime:0.040602s ]
SQL: UPDATE `address` SET `addressDelete`=2 WHERE ( `addressId` = 5 ) [ RunTime:0.032001s ]

[ 2016-09-22T22:18:33+08:00 ] 0.0.0.0 /laundry/index.php/Home/addressDelete.html
INFO: [ app_begin ] --START--
INFO: ReadHtmlCache Behavior ::run [ RunTime:0.000000s ]
INFO: [ app_begin ] --END-- [ RunTime:0.000000s ]
SQL: SHOW COLUMNS FROM `address` [ RunTime:0.038602s ]
SQL: UPDATE `address` SET `addressDelete`=2 WHERE ( `addressId` = 1 ) [ RunTime:0.037200s ]

[ 2016-09-22T22:18:36+08:00 ] 0.0.0.0 /laundry/index.php/Home/addressDelete.html
INFO: [ app_begin ] --START--
INFO: ReadHtmlCache Behavior ::run [ RunTime:0.000000s ]
INFO: [ app_begin ] --END-- [ RunTime:0.000000s ]
SQL: SHOW COLUMNS FROM `address` [ RunTime:0.032002s ]
SQL: UPDATE `address` SET `addressDelete`=2 WHERE ( `addressId` = 3 ) [ RunTime:0.028601s ]

[ 2016-09-22T22:18:39+08:00 ] 0.0.0.0 /laundry/index.php/Home/addressDelete.html
INFO: [ app_begin ] --START--
INFO: ReadHtmlCache Behavior ::run [ RunTime:0.001000s ]
INFO: [ app_begin ] --END-- [ RunTime:0.001000s ]
SQL: SHOW COLUMNS FROM `address` [ RunTime:0.020600s ]
SQL: UPDATE `address` SET `addressDelete`=2 WHERE ( `addressId` = 4 ) [ RunTime:0.031200s ]

[ 2016-09-22T23:16:23+08:00 ] 0.0.0.0 /laundry/index.php/Index/Home/coupon.html
ERR: Model:relation您所请求的方法不存在！

[ 2016-09-22T23:16:46+08:00 ] 0.0.0.0 /laundry/index.php/Index/Home/coupon.html
ERR: Model:relation您所请求的方法不存在！

[ 2016-09-22T23:16:51+08:00 ] 0.0.0.0 /laundry/index.php/Index/Home/coupon.html
ERR: Model:relation您所请求的方法不存在！

[ 2016-09-22T23:17:02+08:00 ] 0.0.0.0 /laundry/index.php/Index/Home/coupon.html
ERR: Model:relation您所请求的方法不存在！

